2026-01-07T00:00:11.386+05:30 DEBUG 23000 --- [gateway] [DiscoveryClient-CacheRefreshExecutor-%d] [                                                 ] o.s.c.g.r.RouteDefinitionRouteLocator    : RouteDefinition product-service applying {_genkey_0=/api/products/**} to Path
2026-01-07T00:00:11.396+05:30 DEBUG 23000 --- [gateway] [DiscoveryClient-CacheRefreshExecutor-%d] [                                                 ] o.s.c.g.r.RouteDefinitionRouteLocator    : RouteDefinition matched: product-service
2026-01-07T00:00:11.396+05:30 DEBUG 23000 --- [gateway] [DiscoveryClient-CacheRefreshExecutor-%d] [                                                 ] o.s.c.g.r.RouteDefinitionRouteLocator    : RouteDefinition user-service applying {_genkey_0=/api/users/**} to Path
2026-01-07T00:00:11.397+05:30 DEBUG 23000 --- [gateway] [DiscoveryClient-CacheRefreshExecutor-%d] [                                                 ] o.s.c.g.r.RouteDefinitionRouteLocator    : RouteDefinition matched: user-service
2026-01-07T00:00:11.397+05:30 DEBUG 23000 --- [gateway] [DiscoveryClient-CacheRefreshExecutor-%d] [                                                 ] o.s.c.g.r.RouteDefinitionRouteLocator    : RouteDefinition order-service applying {_genkey_0=/api/orders/**} to Path
2026-01-07T00:00:11.397+05:30 DEBUG 23000 --- [gateway] [DiscoveryClient-CacheRefreshExecutor-%d] [                                                 ] o.s.c.g.r.RouteDefinitionRouteLocator    : RouteDefinition order-service applying {_genkey_0=/api/cart/**} to Path
2026-01-07T00:00:11.398+05:30 DEBUG 23000 --- [gateway] [DiscoveryClient-CacheRefreshExecutor-%d] [                                                 ] o.s.c.g.r.RouteDefinitionRouteLocator    : RouteDefinition matched: order-service
2026-01-07T00:00:11.398+05:30 DEBUG 23000 --- [gateway] [DiscoveryClient-CacheRefreshExecutor-%d] [                                                 ] o.s.c.g.filter.GatewayMetricsFilter      : New routes count: 3
2026-01-07T00:00:41.429+05:30 DEBUG 23000 --- [gateway] [DiscoveryClient-CacheRefreshExecutor-%d] [                                                 ] o.s.c.g.r.RouteDefinitionRouteLocator    : RouteDefinition product-service applying {_genkey_0=/api/products/**} to Path
2026-01-07T00:00:41.434+05:30 DEBUG 23000 --- [gateway] [DiscoveryClient-CacheRefreshExecutor-%d] [                                                 ] o.s.c.g.r.RouteDefinitionRouteLocator    : RouteDefinition matched: product-service
2026-01-07T00:00:41.434+05:30 DEBUG 23000 --- [gateway] [DiscoveryClient-CacheRefreshExecutor-%d] [                                                 ] o.s.c.g.r.RouteDefinitionRouteLocator    : RouteDefinition user-service applying {_genkey_0=/api/users/**} to Path
2026-01-07T00:00:41.435+05:30 DEBUG 23000 --- [gateway] [DiscoveryClient-CacheRefreshExecutor-%d] [                                                 ] o.s.c.g.r.RouteDefinitionRouteLocator    : RouteDefinition matched: user-service
2026-01-07T00:00:41.435+05:30 DEBUG 23000 --- [gateway] [DiscoveryClient-CacheRefreshExecutor-%d] [                                                 ] o.s.c.g.r.RouteDefinitionRouteLocator    : RouteDefinition order-service applying {_genkey_0=/api/orders/**} to Path
2026-01-07T00:00:41.436+05:30 DEBUG 23000 --- [gateway] [DiscoveryClient-CacheRefreshExecutor-%d] [                                                 ] o.s.c.g.r.RouteDefinitionRouteLocator    : RouteDefinition order-service applying {_genkey_0=/api/cart/**} to Path
2026-01-07T00:00:41.437+05:30 DEBUG 23000 --- [gateway] [DiscoveryClient-CacheRefreshExecutor-%d] [                                                 ] o.s.c.g.r.RouteDefinitionRouteLocator    : RouteDefinition matched: order-service
2026-01-07T00:00:41.437+05:30 DEBUG 23000 --- [gateway] [DiscoveryClient-CacheRefreshExecutor-%d] [                                                 ] o.s.c.g.filter.GatewayMetricsFilter      : New routes count: 3
2026-01-07T00:01:11.469+05:30 DEBUG 23000 --- [gateway] [DiscoveryClient-CacheRefreshExecutor-%d] [                                                 ] o.s.c.g.r.RouteDefinitionRouteLocator    : RouteDefinition product-service applying {_genkey_0=/api/products/**} to Path
2026-01-07T00:01:11.471+05:30 DEBUG 23000 --- [gateway] [DiscoveryClient-CacheRefreshExecutor-%d] [                                                 ] o.s.c.g.r.RouteDefinitionRouteLocator    : RouteDefinition matched: product-service
2026-01-07T00:01:11.471+05:30 DEBUG 23000 --- [gateway] [DiscoveryClient-CacheRefreshExecutor-%d] [                                                 ] o.s.c.g.r.RouteDefinitionRouteLocator    : RouteDefinition user-service applying {_genkey_0=/api/users/**} to Path
2026-01-07T00:01:11.472+05:30 DEBUG 23000 --- [gateway] [DiscoveryClient-CacheRefreshExecutor-%d] [                                                 ] o.s.c.g.r.RouteDefinitionRouteLocator    : RouteDefinition matched: user-service
2026-01-07T00:01:11.472+05:30 DEBUG 23000 --- [gateway] [DiscoveryClient-CacheRefreshExecutor-%d] [                                                 ] o.s.c.g.r.RouteDefinitionRouteLocator    : RouteDefinition order-service applying {_genkey_0=/api/orders/**} to Path
2026-01-07T00:01:11.472+05:30 DEBUG 23000 --- [gateway] [DiscoveryClient-CacheRefreshExecutor-%d] [                                                 ] o.s.c.g.r.RouteDefinitionRouteLocator    : RouteDefinition order-service applying {_genkey_0=/api/cart/**} to Path
2026-01-07T00:01:11.473+05:30 DEBUG 23000 --- [gateway] [DiscoveryClient-CacheRefreshExecutor-%d] [                                                 ] o.s.c.g.r.RouteDefinitionRouteLocator    : RouteDefinition matched: order-service
2026-01-07T00:01:11.473+05:30 DEBUG 23000 --- [gateway] [DiscoveryClient-CacheRefreshExecutor-%d] [                                                 ] o.s.c.g.filter.GatewayMetricsFilter      : New routes count: 3
2026-01-07T00:01:39.633+05:30  INFO 23000 --- [gateway] [AsyncResolver-bootstrap-executor-%d] [                                                 ] c.n.d.s.r.aws.ConfigClusterResolver      : Resolving eureka endpoints via configuration
2026-01-07T00:01:41.502+05:30 DEBUG 23000 --- [gateway] [DiscoveryClient-CacheRefreshExecutor-%d] [                                                 ] o.s.c.g.r.RouteDefinitionRouteLocator    : RouteDefinition product-service applying {_genkey_0=/api/products/**} to Path
2026-01-07T00:01:41.502+05:30 DEBUG 23000 --- [gateway] [DiscoveryClient-CacheRefreshExecutor-%d] [                                                 ] o.s.c.g.r.RouteDefinitionRouteLocator    : RouteDefinition matched: product-service
2026-01-07T00:01:41.502+05:30 DEBUG 23000 --- [gateway] [DiscoveryClient-CacheRefreshExecutor-%d] [                                                 ] o.s.c.g.r.RouteDefinitionRouteLocator    : RouteDefinition user-service applying {_genkey_0=/api/users/**} to Path
2026-01-07T00:01:41.504+05:30 DEBUG 23000 --- [gateway] [DiscoveryClient-CacheRefreshExecutor-%d] [                                                 ] o.s.c.g.r.RouteDefinitionRouteLocator    : RouteDefinition matched: user-service
2026-01-07T00:01:41.504+05:30 DEBUG 23000 --- [gateway] [DiscoveryClient-CacheRefreshExecutor-%d] [                                                 ] o.s.c.g.r.RouteDefinitionRouteLocator    : RouteDefinition order-service applying {_genkey_0=/api/orders/**} to Path
2026-01-07T00:01:41.505+05:30 DEBUG 23000 --- [gateway] [DiscoveryClient-CacheRefreshExecutor-%d] [                                                 ] o.s.c.g.r.RouteDefinitionRouteLocator    : RouteDefinition order-service applying {_genkey_0=/api/cart/**} to Path
2026-01-07T00:01:41.505+05:30 DEBUG 23000 --- [gateway] [DiscoveryClient-CacheRefreshExecutor-%d] [                                                 ] o.s.c.g.r.RouteDefinitionRouteLocator    : RouteDefinition matched: order-service
2026-01-07T00:01:41.505+05:30 DEBUG 23000 --- [gateway] [DiscoveryClient-CacheRefreshExecutor-%d] [                                                 ] o.s.c.g.filter.GatewayMetricsFilter      : New routes count: 3
2026-01-07T00:02:11.523+05:30 DEBUG 23000 --- [gateway] [DiscoveryClient-CacheRefreshExecutor-%d] [                                                 ] o.s.c.g.r.RouteDefinitionRouteLocator    : RouteDefinition product-service applying {_genkey_0=/api/products/**} to Path
2026-01-07T00:02:11.524+05:30 DEBUG 23000 --- [gateway] [DiscoveryClient-CacheRefreshExecutor-%d] [                                                 ] o.s.c.g.r.RouteDefinitionRouteLocator    : RouteDefinition matched: product-service
2026-01-07T00:02:11.524+05:30 DEBUG 23000 --- [gateway] [DiscoveryClient-CacheRefreshExecutor-%d] [                                                 ] o.s.c.g.r.RouteDefinitionRouteLocator    : RouteDefinition user-service applying {_genkey_0=/api/users/**} to Path
2026-01-07T00:02:11.525+05:30 DEBUG 23000 --- [gateway] [DiscoveryClient-CacheRefreshExecutor-%d] [                                                 ] o.s.c.g.r.RouteDefinitionRouteLocator    : RouteDefinition matched: user-service
2026-01-07T00:02:11.525+05:30 DEBUG 23000 --- [gateway] [DiscoveryClient-CacheRefreshExecutor-%d] [                                                 ] o.s.c.g.r.RouteDefinitionRouteLocator    : RouteDefinition order-service applying {_genkey_0=/api/orders/**} to Path
2026-01-07T00:02:11.525+05:30 DEBUG 23000 --- [gateway] [DiscoveryClient-CacheRefreshExecutor-%d] [                                                 ] o.s.c.g.r.RouteDefinitionRouteLocator    : RouteDefinition order-service applying {_genkey_0=/api/cart/**} to Path
2026-01-07T00:02:11.526+05:30 DEBUG 23000 --- [gateway] [DiscoveryClient-CacheRefreshExecutor-%d] [                                                 ] o.s.c.g.r.RouteDefinitionRouteLocator    : RouteDefinition matched: order-service
2026-01-07T00:02:11.526+05:30 DEBUG 23000 --- [gateway] [DiscoveryClient-CacheRefreshExecutor-%d] [                                                 ] o.s.c.g.filter.GatewayMetricsFilter      : New routes count: 3
2026-01-07T00:02:41.550+05:30 DEBUG 23000 --- [gateway] [DiscoveryClient-CacheRefreshExecutor-%d] [                                                 ] o.s.c.g.r.RouteDefinitionRouteLocator    : RouteDefinition product-service applying {_genkey_0=/api/products/**} to Path
2026-01-07T00:02:41.550+05:30 DEBUG 23000 --- [gateway] [DiscoveryClient-CacheRefreshExecutor-%d] [                                                 ] o.s.c.g.r.RouteDefinitionRouteLocator    : RouteDefinition matched: product-service
2026-01-07T00:02:41.550+05:30 DEBUG 23000 --- [gateway] [DiscoveryClient-CacheRefreshExecutor-%d] [                                                 ] o.s.c.g.r.RouteDefinitionRouteLocator    : RouteDefinition user-service applying {_genkey_0=/api/users/**} to Path
2026-01-07T00:02:41.551+05:30 DEBUG 23000 --- [gateway] [DiscoveryClient-CacheRefreshExecutor-%d] [                                                 ] o.s.c.g.r.RouteDefinitionRouteLocator    : RouteDefinition matched: user-service
2026-01-07T00:02:41.551+05:30 DEBUG 23000 --- [gateway] [DiscoveryClient-CacheRefreshExecutor-%d] [                                                 ] o.s.c.g.r.RouteDefinitionRouteLocator    : RouteDefinition order-service applying {_genkey_0=/api/orders/**} to Path
2026-01-07T00:02:41.551+05:30 DEBUG 23000 --- [gateway] [DiscoveryClient-CacheRefreshExecutor-%d] [                                                 ] o.s.c.g.r.RouteDefinitionRouteLocator    : RouteDefinition order-service applying {_genkey_0=/api/cart/**} to Path
2026-01-07T00:02:41.552+05:30 DEBUG 23000 --- [gateway] [DiscoveryClient-CacheRefreshExecutor-%d] [                                                 ] o.s.c.g.r.RouteDefinitionRouteLocator    : RouteDefinition matched: order-service
2026-01-07T00:02:41.552+05:30 DEBUG 23000 --- [gateway] [DiscoveryClient-CacheRefreshExecutor-%d] [                                                 ] o.s.c.g.filter.GatewayMetricsFilter      : New routes count: 3
2026-01-07T00:03:11.574+05:30 DEBUG 23000 --- [gateway] [DiscoveryClient-CacheRefreshExecutor-%d] [                                                 ] o.s.c.g.r.RouteDefinitionRouteLocator    : RouteDefinition product-service applying {_genkey_0=/api/products/**} to Path
2026-01-07T00:03:11.575+05:30 DEBUG 23000 --- [gateway] [DiscoveryClient-CacheRefreshExecutor-%d] [                                                 ] o.s.c.g.r.RouteDefinitionRouteLocator    : RouteDefinition matched: product-service
2026-01-07T00:03:11.575+05:30 DEBUG 23000 --- [gateway] [DiscoveryClient-CacheRefreshExecutor-%d] [                                                 ] o.s.c.g.r.RouteDefinitionRouteLocator    : RouteDefinition user-service applying {_genkey_0=/api/users/**} to Path
2026-01-07T00:03:11.575+05:30 DEBUG 23000 --- [gateway] [DiscoveryClient-CacheRefreshExecutor-%d] [                                                 ] o.s.c.g.r.RouteDefinitionRouteLocator    : RouteDefinition matched: user-service
2026-01-07T00:03:11.575+05:30 DEBUG 23000 --- [gateway] [DiscoveryClient-CacheRefreshExecutor-%d] [                                                 ] o.s.c.g.r.RouteDefinitionRouteLocator    : RouteDefinition order-service applying {_genkey_0=/api/orders/**} to Path
2026-01-07T00:03:11.575+05:30 DEBUG 23000 --- [gateway] [DiscoveryClient-CacheRefreshExecutor-%d] [                                                 ] o.s.c.g.r.RouteDefinitionRouteLocator    : RouteDefinition order-service applying {_genkey_0=/api/cart/**} to Path
2026-01-07T00:03:11.576+05:30 DEBUG 23000 --- [gateway] [DiscoveryClient-CacheRefreshExecutor-%d] [                                                 ] o.s.c.g.r.RouteDefinitionRouteLocator    : RouteDefinition matched: order-service
2026-01-07T00:03:11.576+05:30 DEBUG 23000 --- [gateway] [DiscoveryClient-CacheRefreshExecutor-%d] [                                                 ] o.s.c.g.filter.GatewayMetricsFilter      : New routes count: 3
2026-01-07T00:03:41.598+05:30 DEBUG 23000 --- [gateway] [DiscoveryClient-CacheRefreshExecutor-%d] [                                                 ] o.s.c.g.r.RouteDefinitionRouteLocator    : RouteDefinition product-service applying {_genkey_0=/api/products/**} to Path
2026-01-07T00:03:41.599+05:30 DEBUG 23000 --- [gateway] [DiscoveryClient-CacheRefreshExecutor-%d] [                                                 ] o.s.c.g.r.RouteDefinitionRouteLocator    : RouteDefinition matched: product-service
2026-01-07T00:03:41.599+05:30 DEBUG 23000 --- [gateway] [DiscoveryClient-CacheRefreshExecutor-%d] [                                                 ] o.s.c.g.r.RouteDefinitionRouteLocator    : RouteDefinition user-service applying {_genkey_0=/api/users/**} to Path
2026-01-07T00:03:41.600+05:30 DEBUG 23000 --- [gateway] [DiscoveryClient-CacheRefreshExecutor-%d] [                                                 ] o.s.c.g.r.RouteDefinitionRouteLocator    : RouteDefinition matched: user-service
2026-01-07T00:03:41.600+05:30 DEBUG 23000 --- [gateway] [DiscoveryClient-CacheRefreshExecutor-%d] [                                                 ] o.s.c.g.r.RouteDefinitionRouteLocator    : RouteDefinition order-service applying {_genkey_0=/api/orders/**} to Path
2026-01-07T00:03:41.601+05:30 DEBUG 23000 --- [gateway] [DiscoveryClient-CacheRefreshExecutor-%d] [                                                 ] o.s.c.g.r.RouteDefinitionRouteLocator    : RouteDefinition order-service applying {_genkey_0=/api/cart/**} to Path
2026-01-07T00:03:41.601+05:30 DEBUG 23000 --- [gateway] [DiscoveryClient-CacheRefreshExecutor-%d] [                                                 ] o.s.c.g.r.RouteDefinitionRouteLocator    : RouteDefinition matched: order-service
2026-01-07T00:03:41.601+05:30 DEBUG 23000 --- [gateway] [DiscoveryClient-CacheRefreshExecutor-%d] [                                                 ] o.s.c.g.filter.GatewayMetricsFilter      : New routes count: 3
2026-01-07T00:04:11.625+05:30 DEBUG 23000 --- [gateway] [DiscoveryClient-CacheRefreshExecutor-%d] [                                                 ] o.s.c.g.r.RouteDefinitionRouteLocator    : RouteDefinition product-service applying {_genkey_0=/api/products/**} to Path
2026-01-07T00:04:11.626+05:30 DEBUG 23000 --- [gateway] [DiscoveryClient-CacheRefreshExecutor-%d] [                                                 ] o.s.c.g.r.RouteDefinitionRouteLocator    : RouteDefinition matched: product-service
2026-01-07T00:04:11.626+05:30 DEBUG 23000 --- [gateway] [DiscoveryClient-CacheRefreshExecutor-%d] [                                                 ] o.s.c.g.r.RouteDefinitionRouteLocator    : RouteDefinition user-service applying {_genkey_0=/api/users/**} to Path
2026-01-07T00:04:11.626+05:30 DEBUG 23000 --- [gateway] [DiscoveryClient-CacheRefreshExecutor-%d] [                                                 ] o.s.c.g.r.RouteDefinitionRouteLocator    : RouteDefinition matched: user-service
2026-01-07T00:04:11.626+05:30 DEBUG 23000 --- [gateway] [DiscoveryClient-CacheRefreshExecutor-%d] [                                                 ] o.s.c.g.r.RouteDefinitionRouteLocator    : RouteDefinition order-service applying {_genkey_0=/api/orders/**} to Path
2026-01-07T00:04:11.626+05:30 DEBUG 23000 --- [gateway] [DiscoveryClient-CacheRefreshExecutor-%d] [                                                 ] o.s.c.g.r.RouteDefinitionRouteLocator    : RouteDefinition order-service applying {_genkey_0=/api/cart/**} to Path
2026-01-07T00:04:11.626+05:30 DEBUG 23000 --- [gateway] [DiscoveryClient-CacheRefreshExecutor-%d] [                                                 ] o.s.c.g.r.RouteDefinitionRouteLocator    : RouteDefinition matched: order-service
2026-01-07T00:04:11.627+05:30 DEBUG 23000 --- [gateway] [DiscoveryClient-CacheRefreshExecutor-%d] [                                                 ] o.s.c.g.filter.GatewayMetricsFilter      : New routes count: 3
2026-01-07T00:04:41.654+05:30 DEBUG 23000 --- [gateway] [DiscoveryClient-CacheRefreshExecutor-%d] [                                                 ] o.s.c.g.r.RouteDefinitionRouteLocator    : RouteDefinition product-service applying {_genkey_0=/api/products/**} to Path
2026-01-07T00:04:41.654+05:30 DEBUG 23000 --- [gateway] [DiscoveryClient-CacheRefreshExecutor-%d] [                                                 ] o.s.c.g.r.RouteDefinitionRouteLocator    : RouteDefinition matched: product-service
2026-01-07T00:04:41.654+05:30 DEBUG 23000 --- [gateway] [DiscoveryClient-CacheRefreshExecutor-%d] [                                                 ] o.s.c.g.r.RouteDefinitionRouteLocator    : RouteDefinition user-service applying {_genkey_0=/api/users/**} to Path
2026-01-07T00:04:41.654+05:30 DEBUG 23000 --- [gateway] [DiscoveryClient-CacheRefreshExecutor-%d] [                                                 ] o.s.c.g.r.RouteDefinitionRouteLocator    : RouteDefinition matched: user-service
2026-01-07T00:04:41.654+05:30 DEBUG 23000 --- [gateway] [DiscoveryClient-CacheRefreshExecutor-%d] [                                                 ] o.s.c.g.r.RouteDefinitionRouteLocator    : RouteDefinition order-service applying {_genkey_0=/api/orders/**} to Path
2026-01-07T00:04:41.655+05:30 DEBUG 23000 --- [gateway] [DiscoveryClient-CacheRefreshExecutor-%d] [                                                 ] o.s.c.g.r.RouteDefinitionRouteLocator    : RouteDefinition order-service applying {_genkey_0=/api/cart/**} to Path
2026-01-07T00:04:41.655+05:30 DEBUG 23000 --- [gateway] [DiscoveryClient-CacheRefreshExecutor-%d] [                                                 ] o.s.c.g.r.RouteDefinitionRouteLocator    : RouteDefinition matched: order-service
2026-01-07T00:04:41.655+05:30 DEBUG 23000 --- [gateway] [DiscoveryClient-CacheRefreshExecutor-%d] [                                                 ] o.s.c.g.filter.GatewayMetricsFilter      : New routes count: 3
2026-01-07T00:05:11.684+05:30 DEBUG 23000 --- [gateway] [DiscoveryClient-CacheRefreshExecutor-%d] [                                                 ] o.s.c.g.r.RouteDefinitionRouteLocator    : RouteDefinition product-service applying {_genkey_0=/api/products/**} to Path
2026-01-07T00:05:11.685+05:30 DEBUG 23000 --- [gateway] [DiscoveryClient-CacheRefreshExecutor-%d] [                                                 ] o.s.c.g.r.RouteDefinitionRouteLocator    : RouteDefinition matched: product-service
2026-01-07T00:05:11.685+05:30 DEBUG 23000 --- [gateway] [DiscoveryClient-CacheRefreshExecutor-%d] [                                                 ] o.s.c.g.r.RouteDefinitionRouteLocator    : RouteDefinition user-service applying {_genkey_0=/api/users/**} to Path
2026-01-07T00:05:11.685+05:30 DEBUG 23000 --- [gateway] [DiscoveryClient-CacheRefreshExecutor-%d] [                                                 ] o.s.c.g.r.RouteDefinitionRouteLocator    : RouteDefinition matched: user-service
2026-01-07T00:05:11.685+05:30 DEBUG 23000 --- [gateway] [DiscoveryClient-CacheRefreshExecutor-%d] [                                                 ] o.s.c.g.r.RouteDefinitionRouteLocator    : RouteDefinition order-service applying {_genkey_0=/api/orders/**} to Path
2026-01-07T00:05:11.687+05:30 DEBUG 23000 --- [gateway] [DiscoveryClient-CacheRefreshExecutor-%d] [                                                 ] o.s.c.g.r.RouteDefinitionRouteLocator    : RouteDefinition order-service applying {_genkey_0=/api/cart/**} to Path
2026-01-07T00:05:11.687+05:30 DEBUG 23000 --- [gateway] [DiscoveryClient-CacheRefreshExecutor-%d] [                                                 ] o.s.c.g.r.RouteDefinitionRouteLocator    : RouteDefinition matched: order-service
2026-01-07T00:05:11.687+05:30 DEBUG 23000 --- [gateway] [DiscoveryClient-CacheRefreshExecutor-%d] [                                                 ] o.s.c.g.filter.GatewayMetricsFilter      : New routes count: 3
2026-01-07T00:05:41.718+05:30 DEBUG 23000 --- [gateway] [DiscoveryClient-CacheRefreshExecutor-%d] [                                                 ] o.s.c.g.r.RouteDefinitionRouteLocator    : RouteDefinition product-service applying {_genkey_0=/api/products/**} to Path
2026-01-07T00:05:41.719+05:30 DEBUG 23000 --- [gateway] [DiscoveryClient-CacheRefreshExecutor-%d] [                                                 ] o.s.c.g.r.RouteDefinitionRouteLocator    : RouteDefinition matched: product-service
2026-01-07T00:05:41.719+05:30 DEBUG 23000 --- [gateway] [DiscoveryClient-CacheRefreshExecutor-%d] [                                                 ] o.s.c.g.r.RouteDefinitionRouteLocator    : RouteDefinition user-service applying {_genkey_0=/api/users/**} to Path
2026-01-07T00:05:41.719+05:30 DEBUG 23000 --- [gateway] [DiscoveryClient-CacheRefreshExecutor-%d] [                                                 ] o.s.c.g.r.RouteDefinitionRouteLocator    : RouteDefinition matched: user-service
2026-01-07T00:05:41.719+05:30 DEBUG 23000 --- [gateway] [DiscoveryClient-CacheRefreshExecutor-%d] [                                                 ] o.s.c.g.r.RouteDefinitionRouteLocator    : RouteDefinition order-service applying {_genkey_0=/api/orders/**} to Path
2026-01-07T00:05:41.720+05:30 DEBUG 23000 --- [gateway] [DiscoveryClient-CacheRefreshExecutor-%d] [                                                 ] o.s.c.g.r.RouteDefinitionRouteLocator    : RouteDefinition order-service applying {_genkey_0=/api/cart/**} to Path
2026-01-07T00:05:41.720+05:30 DEBUG 23000 --- [gateway] [DiscoveryClient-CacheRefreshExecutor-%d] [                                                 ] o.s.c.g.r.RouteDefinitionRouteLocator    : RouteDefinition matched: order-service
2026-01-07T00:05:41.720+05:30 DEBUG 23000 --- [gateway] [DiscoveryClient-CacheRefreshExecutor-%d] [                                                 ] o.s.c.g.filter.GatewayMetricsFilter      : New routes count: 3
2026-01-07T00:06:11.745+05:30 DEBUG 23000 --- [gateway] [DiscoveryClient-CacheRefreshExecutor-%d] [                                                 ] o.s.c.g.r.RouteDefinitionRouteLocator    : RouteDefinition product-service applying {_genkey_0=/api/products/**} to Path
2026-01-07T00:06:11.746+05:30 DEBUG 23000 --- [gateway] [DiscoveryClient-CacheRefreshExecutor-%d] [                                                 ] o.s.c.g.r.RouteDefinitionRouteLocator    : RouteDefinition matched: product-service
2026-01-07T00:06:11.746+05:30 DEBUG 23000 --- [gateway] [DiscoveryClient-CacheRefreshExecutor-%d] [                                                 ] o.s.c.g.r.RouteDefinitionRouteLocator    : RouteDefinition user-service applying {_genkey_0=/api/users/**} to Path
2026-01-07T00:06:11.746+05:30 DEBUG 23000 --- [gateway] [DiscoveryClient-CacheRefreshExecutor-%d] [                                                 ] o.s.c.g.r.RouteDefinitionRouteLocator    : RouteDefinition matched: user-service
2026-01-07T00:06:11.746+05:30 DEBUG 23000 --- [gateway] [DiscoveryClient-CacheRefreshExecutor-%d] [                                                 ] o.s.c.g.r.RouteDefinitionRouteLocator    : RouteDefinition order-service applying {_genkey_0=/api/orders/**} to Path
2026-01-07T00:06:11.751+05:30 DEBUG 23000 --- [gateway] [DiscoveryClient-CacheRefreshExecutor-%d] [                                                 ] o.s.c.g.r.RouteDefinitionRouteLocator    : RouteDefinition order-service applying {_genkey_0=/api/cart/**} to Path
2026-01-07T00:06:11.751+05:30 DEBUG 23000 --- [gateway] [DiscoveryClient-CacheRefreshExecutor-%d] [                                                 ] o.s.c.g.r.RouteDefinitionRouteLocator    : RouteDefinition matched: order-service
2026-01-07T00:06:11.751+05:30 DEBUG 23000 --- [gateway] [DiscoveryClient-CacheRefreshExecutor-%d] [                                                 ] o.s.c.g.filter.GatewayMetricsFilter      : New routes count: 3
2026-01-07T00:06:39.648+05:30  INFO 23000 --- [gateway] [AsyncResolver-bootstrap-executor-%d] [                                                 ] c.n.d.s.r.aws.ConfigClusterResolver      : Resolving eureka endpoints via configuration
2026-01-07T00:06:41.782+05:30 DEBUG 23000 --- [gateway] [DiscoveryClient-CacheRefreshExecutor-%d] [                                                 ] o.s.c.g.r.RouteDefinitionRouteLocator    : RouteDefinition product-service applying {_genkey_0=/api/products/**} to Path
2026-01-07T00:06:41.784+05:30 DEBUG 23000 --- [gateway] [DiscoveryClient-CacheRefreshExecutor-%d] [                                                 ] o.s.c.g.r.RouteDefinitionRouteLocator    : RouteDefinition matched: product-service
2026-01-07T00:06:41.784+05:30 DEBUG 23000 --- [gateway] [DiscoveryClient-CacheRefreshExecutor-%d] [                                                 ] o.s.c.g.r.RouteDefinitionRouteLocator    : RouteDefinition user-service applying {_genkey_0=/api/users/**} to Path
2026-01-07T00:06:41.784+05:30 DEBUG 23000 --- [gateway] [DiscoveryClient-CacheRefreshExecutor-%d] [                                                 ] o.s.c.g.r.RouteDefinitionRouteLocator    : RouteDefinition matched: user-service
2026-01-07T00:06:41.784+05:30 DEBUG 23000 --- [gateway] [DiscoveryClient-CacheRefreshExecutor-%d] [                                                 ] o.s.c.g.r.RouteDefinitionRouteLocator    : RouteDefinition order-service applying {_genkey_0=/api/orders/**} to Path
2026-01-07T00:06:41.786+05:30 DEBUG 23000 --- [gateway] [DiscoveryClient-CacheRefreshExecutor-%d] [                                                 ] o.s.c.g.r.RouteDefinitionRouteLocator    : RouteDefinition order-service applying {_genkey_0=/api/cart/**} to Path
2026-01-07T00:06:41.787+05:30 DEBUG 23000 --- [gateway] [DiscoveryClient-CacheRefreshExecutor-%d] [                                                 ] o.s.c.g.r.RouteDefinitionRouteLocator    : RouteDefinition matched: order-service
2026-01-07T00:06:41.787+05:30 DEBUG 23000 --- [gateway] [DiscoveryClient-CacheRefreshExecutor-%d] [                                                 ] o.s.c.g.filter.GatewayMetricsFilter      : New routes count: 3
2026-01-07T00:07:11.807+05:30 DEBUG 23000 --- [gateway] [DiscoveryClient-CacheRefreshExecutor-%d] [                                                 ] o.s.c.g.r.RouteDefinitionRouteLocator    : RouteDefinition product-service applying {_genkey_0=/api/products/**} to Path
2026-01-07T00:07:11.808+05:30 DEBUG 23000 --- [gateway] [DiscoveryClient-CacheRefreshExecutor-%d] [                                                 ] o.s.c.g.r.RouteDefinitionRouteLocator    : RouteDefinition matched: product-service
2026-01-07T00:07:11.808+05:30 DEBUG 23000 --- [gateway] [DiscoveryClient-CacheRefreshExecutor-%d] [                                                 ] o.s.c.g.r.RouteDefinitionRouteLocator    : RouteDefinition user-service applying {_genkey_0=/api/users/**} to Path
2026-01-07T00:07:11.810+05:30 DEBUG 23000 --- [gateway] [DiscoveryClient-CacheRefreshExecutor-%d] [                                                 ] o.s.c.g.r.RouteDefinitionRouteLocator    : RouteDefinition matched: user-service
2026-01-07T00:07:11.810+05:30 DEBUG 23000 --- [gateway] [DiscoveryClient-CacheRefreshExecutor-%d] [                                                 ] o.s.c.g.r.RouteDefinitionRouteLocator    : RouteDefinition order-service applying {_genkey_0=/api/orders/**} to Path
2026-01-07T00:07:11.811+05:30 DEBUG 23000 --- [gateway] [DiscoveryClient-CacheRefreshExecutor-%d] [                                                 ] o.s.c.g.r.RouteDefinitionRouteLocator    : RouteDefinition order-service applying {_genkey_0=/api/cart/**} to Path
2026-01-07T00:07:11.811+05:30 DEBUG 23000 --- [gateway] [DiscoveryClient-CacheRefreshExecutor-%d] [                                                 ] o.s.c.g.r.RouteDefinitionRouteLocator    : RouteDefinition matched: order-service
2026-01-07T00:07:11.811+05:30 DEBUG 23000 --- [gateway] [DiscoveryClient-CacheRefreshExecutor-%d] [                                                 ] o.s.c.g.filter.GatewayMetricsFilter      : New routes count: 3
2026-01-07T00:07:41.834+05:30 DEBUG 23000 --- [gateway] [DiscoveryClient-CacheRefreshExecutor-%d] [                                                 ] o.s.c.g.r.RouteDefinitionRouteLocator    : RouteDefinition product-service applying {_genkey_0=/api/products/**} to Path
2026-01-07T00:07:41.834+05:30 DEBUG 23000 --- [gateway] [DiscoveryClient-CacheRefreshExecutor-%d] [                                                 ] o.s.c.g.r.RouteDefinitionRouteLocator    : RouteDefinition matched: product-service
2026-01-07T00:07:41.835+05:30 DEBUG 23000 --- [gateway] [DiscoveryClient-CacheRefreshExecutor-%d] [                                                 ] o.s.c.g.r.RouteDefinitionRouteLocator    : RouteDefinition user-service applying {_genkey_0=/api/users/**} to Path
2026-01-07T00:07:41.835+05:30 DEBUG 23000 --- [gateway] [DiscoveryClient-CacheRefreshExecutor-%d] [                                                 ] o.s.c.g.r.RouteDefinitionRouteLocator    : RouteDefinition matched: user-service
2026-01-07T00:07:41.835+05:30 DEBUG 23000 --- [gateway] [DiscoveryClient-CacheRefreshExecutor-%d] [                                                 ] o.s.c.g.r.RouteDefinitionRouteLocator    : RouteDefinition order-service applying {_genkey_0=/api/orders/**} to Path
2026-01-07T00:07:41.835+05:30 DEBUG 23000 --- [gateway] [DiscoveryClient-CacheRefreshExecutor-%d] [                                                 ] o.s.c.g.r.RouteDefinitionRouteLocator    : RouteDefinition order-service applying {_genkey_0=/api/cart/**} to Path
2026-01-07T00:07:41.835+05:30 DEBUG 23000 --- [gateway] [DiscoveryClient-CacheRefreshExecutor-%d] [                                                 ] o.s.c.g.r.RouteDefinitionRouteLocator    : RouteDefinition matched: order-service
2026-01-07T00:07:41.836+05:30 DEBUG 23000 --- [gateway] [DiscoveryClient-CacheRefreshExecutor-%d] [                                                 ] o.s.c.g.filter.GatewayMetricsFilter      : New routes count: 3
2026-01-07T00:08:11.863+05:30 DEBUG 23000 --- [gateway] [DiscoveryClient-CacheRefreshExecutor-%d] [                                                 ] o.s.c.g.r.RouteDefinitionRouteLocator    : RouteDefinition product-service applying {_genkey_0=/api/products/**} to Path
2026-01-07T00:08:11.863+05:30 DEBUG 23000 --- [gateway] [DiscoveryClient-CacheRefreshExecutor-%d] [                                                 ] o.s.c.g.r.RouteDefinitionRouteLocator    : RouteDefinition matched: product-service
2026-01-07T00:08:11.864+05:30 DEBUG 23000 --- [gateway] [DiscoveryClient-CacheRefreshExecutor-%d] [                                                 ] o.s.c.g.r.RouteDefinitionRouteLocator    : RouteDefinition user-service applying {_genkey_0=/api/users/**} to Path
2026-01-07T00:08:11.864+05:30 DEBUG 23000 --- [gateway] [DiscoveryClient-CacheRefreshExecutor-%d] [                                                 ] o.s.c.g.r.RouteDefinitionRouteLocator    : RouteDefinition matched: user-service
2026-01-07T00:08:11.864+05:30 DEBUG 23000 --- [gateway] [DiscoveryClient-CacheRefreshExecutor-%d] [                                                 ] o.s.c.g.r.RouteDefinitionRouteLocator    : RouteDefinition order-service applying {_genkey_0=/api/orders/**} to Path
2026-01-07T00:08:11.864+05:30 DEBUG 23000 --- [gateway] [DiscoveryClient-CacheRefreshExecutor-%d] [                                                 ] o.s.c.g.r.RouteDefinitionRouteLocator    : RouteDefinition order-service applying {_genkey_0=/api/cart/**} to Path
2026-01-07T00:08:11.867+05:30 DEBUG 23000 --- [gateway] [DiscoveryClient-CacheRefreshExecutor-%d] [                                                 ] o.s.c.g.r.RouteDefinitionRouteLocator    : RouteDefinition matched: order-service
2026-01-07T00:08:11.867+05:30 DEBUG 23000 --- [gateway] [DiscoveryClient-CacheRefreshExecutor-%d] [                                                 ] o.s.c.g.filter.GatewayMetricsFilter      : New routes count: 3
2026-01-07T00:08:41.887+05:30 DEBUG 23000 --- [gateway] [DiscoveryClient-CacheRefreshExecutor-%d] [                                                 ] o.s.c.g.r.RouteDefinitionRouteLocator    : RouteDefinition product-service applying {_genkey_0=/api/products/**} to Path
2026-01-07T00:08:41.887+05:30 DEBUG 23000 --- [gateway] [DiscoveryClient-CacheRefreshExecutor-%d] [                                                 ] o.s.c.g.r.RouteDefinitionRouteLocator    : RouteDefinition matched: product-service
2026-01-07T00:08:41.887+05:30 DEBUG 23000 --- [gateway] [DiscoveryClient-CacheRefreshExecutor-%d] [                                                 ] o.s.c.g.r.RouteDefinitionRouteLocator    : RouteDefinition user-service applying {_genkey_0=/api/users/**} to Path
2026-01-07T00:08:41.888+05:30 DEBUG 23000 --- [gateway] [DiscoveryClient-CacheRefreshExecutor-%d] [                                                 ] o.s.c.g.r.RouteDefinitionRouteLocator    : RouteDefinition matched: user-service
2026-01-07T00:08:41.888+05:30 DEBUG 23000 --- [gateway] [DiscoveryClient-CacheRefreshExecutor-%d] [                                                 ] o.s.c.g.r.RouteDefinitionRouteLocator    : RouteDefinition order-service applying {_genkey_0=/api/orders/**} to Path
2026-01-07T00:08:41.889+05:30 DEBUG 23000 --- [gateway] [DiscoveryClient-CacheRefreshExecutor-%d] [                                                 ] o.s.c.g.r.RouteDefinitionRouteLocator    : RouteDefinition order-service applying {_genkey_0=/api/cart/**} to Path
2026-01-07T00:08:41.889+05:30 DEBUG 23000 --- [gateway] [DiscoveryClient-CacheRefreshExecutor-%d] [                                                 ] o.s.c.g.r.RouteDefinitionRouteLocator    : RouteDefinition matched: order-service
2026-01-07T00:08:41.889+05:30 DEBUG 23000 --- [gateway] [DiscoveryClient-CacheRefreshExecutor-%d] [                                                 ] o.s.c.g.filter.GatewayMetricsFilter      : New routes count: 3
2026-01-07T00:09:11.917+05:30 DEBUG 23000 --- [gateway] [DiscoveryClient-CacheRefreshExecutor-%d] [                                                 ] o.s.c.g.r.RouteDefinitionRouteLocator    : RouteDefinition product-service applying {_genkey_0=/api/products/**} to Path
2026-01-07T00:09:11.921+05:30 DEBUG 23000 --- [gateway] [DiscoveryClient-CacheRefreshExecutor-%d] [                                                 ] o.s.c.g.r.RouteDefinitionRouteLocator    : RouteDefinition matched: product-service
2026-01-07T00:09:11.921+05:30 DEBUG 23000 --- [gateway] [DiscoveryClient-CacheRefreshExecutor-%d] [                                                 ] o.s.c.g.r.RouteDefinitionRouteLocator    : RouteDefinition user-service applying {_genkey_0=/api/users/**} to Path
2026-01-07T00:09:11.922+05:30 DEBUG 23000 --- [gateway] [DiscoveryClient-CacheRefreshExecutor-%d] [                                                 ] o.s.c.g.r.RouteDefinitionRouteLocator    : RouteDefinition matched: user-service
2026-01-07T00:09:11.922+05:30 DEBUG 23000 --- [gateway] [DiscoveryClient-CacheRefreshExecutor-%d] [                                                 ] o.s.c.g.r.RouteDefinitionRouteLocator    : RouteDefinition order-service applying {_genkey_0=/api/orders/**} to Path
2026-01-07T00:09:11.923+05:30 DEBUG 23000 --- [gateway] [DiscoveryClient-CacheRefreshExecutor-%d] [                                                 ] o.s.c.g.r.RouteDefinitionRouteLocator    : RouteDefinition order-service applying {_genkey_0=/api/cart/**} to Path
2026-01-07T00:09:11.923+05:30 DEBUG 23000 --- [gateway] [DiscoveryClient-CacheRefreshExecutor-%d] [                                                 ] o.s.c.g.r.RouteDefinitionRouteLocator    : RouteDefinition matched: order-service
2026-01-07T00:09:11.923+05:30 DEBUG 23000 --- [gateway] [DiscoveryClient-CacheRefreshExecutor-%d] [                                                 ] o.s.c.g.filter.GatewayMetricsFilter      : New routes count: 3
2026-01-07T00:09:41.953+05:30 DEBUG 23000 --- [gateway] [DiscoveryClient-CacheRefreshExecutor-%d] [                                                 ] o.s.c.g.r.RouteDefinitionRouteLocator    : RouteDefinition product-service applying {_genkey_0=/api/products/**} to Path
2026-01-07T00:09:41.954+05:30 DEBUG 23000 --- [gateway] [DiscoveryClient-CacheRefreshExecutor-%d] [                                                 ] o.s.c.g.r.RouteDefinitionRouteLocator    : RouteDefinition matched: product-service
2026-01-07T00:09:41.954+05:30 DEBUG 23000 --- [gateway] [DiscoveryClient-CacheRefreshExecutor-%d] [                                                 ] o.s.c.g.r.RouteDefinitionRouteLocator    : RouteDefinition user-service applying {_genkey_0=/api/users/**} to Path
2026-01-07T00:09:41.956+05:30 DEBUG 23000 --- [gateway] [DiscoveryClient-CacheRefreshExecutor-%d] [                                                 ] o.s.c.g.r.RouteDefinitionRouteLocator    : RouteDefinition matched: user-service
2026-01-07T00:09:41.956+05:30 DEBUG 23000 --- [gateway] [DiscoveryClient-CacheRefreshExecutor-%d] [                                                 ] o.s.c.g.r.RouteDefinitionRouteLocator    : RouteDefinition order-service applying {_genkey_0=/api/orders/**} to Path
2026-01-07T00:09:41.957+05:30 DEBUG 23000 --- [gateway] [DiscoveryClient-CacheRefreshExecutor-%d] [                                                 ] o.s.c.g.r.RouteDefinitionRouteLocator    : RouteDefinition order-service applying {_genkey_0=/api/cart/**} to Path
2026-01-07T00:09:41.957+05:30 DEBUG 23000 --- [gateway] [DiscoveryClient-CacheRefreshExecutor-%d] [                                                 ] o.s.c.g.r.RouteDefinitionRouteLocator    : RouteDefinition matched: order-service
2026-01-07T00:09:41.957+05:30 DEBUG 23000 --- [gateway] [DiscoveryClient-CacheRefreshExecutor-%d] [                                                 ] o.s.c.g.filter.GatewayMetricsFilter      : New routes count: 3
2026-01-07T00:10:11.990+05:30 DEBUG 23000 --- [gateway] [DiscoveryClient-CacheRefreshExecutor-%d] [                                                 ] o.s.c.g.r.RouteDefinitionRouteLocator    : RouteDefinition product-service applying {_genkey_0=/api/products/**} to Path
2026-01-07T00:10:11.991+05:30 DEBUG 23000 --- [gateway] [DiscoveryClient-CacheRefreshExecutor-%d] [                                                 ] o.s.c.g.r.RouteDefinitionRouteLocator    : RouteDefinition matched: product-service
2026-01-07T00:10:11.991+05:30 DEBUG 23000 --- [gateway] [DiscoveryClient-CacheRefreshExecutor-%d] [                                                 ] o.s.c.g.r.RouteDefinitionRouteLocator    : RouteDefinition user-service applying {_genkey_0=/api/users/**} to Path
2026-01-07T00:10:11.991+05:30 DEBUG 23000 --- [gateway] [DiscoveryClient-CacheRefreshExecutor-%d] [                                                 ] o.s.c.g.r.RouteDefinitionRouteLocator    : RouteDefinition matched: user-service
2026-01-07T00:10:11.991+05:30 DEBUG 23000 --- [gateway] [DiscoveryClient-CacheRefreshExecutor-%d] [                                                 ] o.s.c.g.r.RouteDefinitionRouteLocator    : RouteDefinition order-service applying {_genkey_0=/api/orders/**} to Path
2026-01-07T00:10:11.992+05:30 DEBUG 23000 --- [gateway] [DiscoveryClient-CacheRefreshExecutor-%d] [                                                 ] o.s.c.g.r.RouteDefinitionRouteLocator    : RouteDefinition order-service applying {_genkey_0=/api/cart/**} to Path
2026-01-07T00:10:11.992+05:30 DEBUG 23000 --- [gateway] [DiscoveryClient-CacheRefreshExecutor-%d] [                                                 ] o.s.c.g.r.RouteDefinitionRouteLocator    : RouteDefinition matched: order-service
2026-01-07T00:10:11.992+05:30 DEBUG 23000 --- [gateway] [DiscoveryClient-CacheRefreshExecutor-%d] [                                                 ] o.s.c.g.filter.GatewayMetricsFilter      : New routes count: 3
2026-01-07T00:10:42.027+05:30 DEBUG 23000 --- [gateway] [DiscoveryClient-CacheRefreshExecutor-%d] [                                                 ] o.s.c.g.r.RouteDefinitionRouteLocator    : RouteDefinition product-service applying {_genkey_0=/api/products/**} to Path
2026-01-07T00:10:42.030+05:30 DEBUG 23000 --- [gateway] [DiscoveryClient-CacheRefreshExecutor-%d] [                                                 ] o.s.c.g.r.RouteDefinitionRouteLocator    : RouteDefinition matched: product-service
2026-01-07T00:10:42.030+05:30 DEBUG 23000 --- [gateway] [DiscoveryClient-CacheRefreshExecutor-%d] [                                                 ] o.s.c.g.r.RouteDefinitionRouteLocator    : RouteDefinition user-service applying {_genkey_0=/api/users/**} to Path
2026-01-07T00:10:42.030+05:30 DEBUG 23000 --- [gateway] [DiscoveryClient-CacheRefreshExecutor-%d] [                                                 ] o.s.c.g.r.RouteDefinitionRouteLocator    : RouteDefinition matched: user-service
2026-01-07T00:10:42.031+05:30 DEBUG 23000 --- [gateway] [DiscoveryClient-CacheRefreshExecutor-%d] [                                                 ] o.s.c.g.r.RouteDefinitionRouteLocator    : RouteDefinition order-service applying {_genkey_0=/api/orders/**} to Path
2026-01-07T00:10:42.032+05:30 DEBUG 23000 --- [gateway] [DiscoveryClient-CacheRefreshExecutor-%d] [                                                 ] o.s.c.g.r.RouteDefinitionRouteLocator    : RouteDefinition order-service applying {_genkey_0=/api/cart/**} to Path
2026-01-07T00:10:42.032+05:30 DEBUG 23000 --- [gateway] [DiscoveryClient-CacheRefreshExecutor-%d] [                                                 ] o.s.c.g.r.RouteDefinitionRouteLocator    : RouteDefinition matched: order-service
2026-01-07T00:10:42.032+05:30 DEBUG 23000 --- [gateway] [DiscoveryClient-CacheRefreshExecutor-%d] [                                                 ] o.s.c.g.filter.GatewayMetricsFilter      : New routes count: 3
2026-01-07T00:11:12.059+05:30 DEBUG 23000 --- [gateway] [DiscoveryClient-CacheRefreshExecutor-%d] [                                                 ] o.s.c.g.r.RouteDefinitionRouteLocator    : RouteDefinition product-service applying {_genkey_0=/api/products/**} to Path
2026-01-07T00:11:12.060+05:30 DEBUG 23000 --- [gateway] [DiscoveryClient-CacheRefreshExecutor-%d] [                                                 ] o.s.c.g.r.RouteDefinitionRouteLocator    : RouteDefinition matched: product-service
2026-01-07T00:11:12.060+05:30 DEBUG 23000 --- [gateway] [DiscoveryClient-CacheRefreshExecutor-%d] [                                                 ] o.s.c.g.r.RouteDefinitionRouteLocator    : RouteDefinition user-service applying {_genkey_0=/api/users/**} to Path
2026-01-07T00:11:12.060+05:30 DEBUG 23000 --- [gateway] [DiscoveryClient-CacheRefreshExecutor-%d] [                                                 ] o.s.c.g.r.RouteDefinitionRouteLocator    : RouteDefinition matched: user-service
2026-01-07T00:11:12.060+05:30 DEBUG 23000 --- [gateway] [DiscoveryClient-CacheRefreshExecutor-%d] [                                                 ] o.s.c.g.r.RouteDefinitionRouteLocator    : RouteDefinition order-service applying {_genkey_0=/api/orders/**} to Path
2026-01-07T00:11:12.062+05:30 DEBUG 23000 --- [gateway] [DiscoveryClient-CacheRefreshExecutor-%d] [                                                 ] o.s.c.g.r.RouteDefinitionRouteLocator    : RouteDefinition order-service applying {_genkey_0=/api/cart/**} to Path
2026-01-07T00:11:12.062+05:30 DEBUG 23000 --- [gateway] [DiscoveryClient-CacheRefreshExecutor-%d] [                                                 ] o.s.c.g.r.RouteDefinitionRouteLocator    : RouteDefinition matched: order-service
2026-01-07T00:11:12.062+05:30 DEBUG 23000 --- [gateway] [DiscoveryClient-CacheRefreshExecutor-%d] [                                                 ] o.s.c.g.filter.GatewayMetricsFilter      : New routes count: 3
2026-01-07T00:11:39.648+05:30  INFO 23000 --- [gateway] [AsyncResolver-bootstrap-executor-%d] [                                                 ] c.n.d.s.r.aws.ConfigClusterResolver      : Resolving eureka endpoints via configuration
2026-01-07T00:11:42.086+05:30 DEBUG 23000 --- [gateway] [DiscoveryClient-CacheRefreshExecutor-%d] [                                                 ] o.s.c.g.r.RouteDefinitionRouteLocator    : RouteDefinition product-service applying {_genkey_0=/api/products/**} to Path
2026-01-07T00:11:42.087+05:30 DEBUG 23000 --- [gateway] [DiscoveryClient-CacheRefreshExecutor-%d] [                                                 ] o.s.c.g.r.RouteDefinitionRouteLocator    : RouteDefinition matched: product-service
2026-01-07T00:11:42.087+05:30 DEBUG 23000 --- [gateway] [DiscoveryClient-CacheRefreshExecutor-%d] [                                                 ] o.s.c.g.r.RouteDefinitionRouteLocator    : RouteDefinition user-service applying {_genkey_0=/api/users/**} to Path
2026-01-07T00:11:42.087+05:30 DEBUG 23000 --- [gateway] [DiscoveryClient-CacheRefreshExecutor-%d] [                                                 ] o.s.c.g.r.RouteDefinitionRouteLocator    : RouteDefinition matched: user-service
2026-01-07T00:11:42.087+05:30 DEBUG 23000 --- [gateway] [DiscoveryClient-CacheRefreshExecutor-%d] [                                                 ] o.s.c.g.r.RouteDefinitionRouteLocator    : RouteDefinition order-service applying {_genkey_0=/api/orders/**} to Path
2026-01-07T00:11:42.088+05:30 DEBUG 23000 --- [gateway] [DiscoveryClient-CacheRefreshExecutor-%d] [                                                 ] o.s.c.g.r.RouteDefinitionRouteLocator    : RouteDefinition order-service applying {_genkey_0=/api/cart/**} to Path
2026-01-07T00:11:42.088+05:30 DEBUG 23000 --- [gateway] [DiscoveryClient-CacheRefreshExecutor-%d] [                                                 ] o.s.c.g.r.RouteDefinitionRouteLocator    : RouteDefinition matched: order-service
2026-01-07T00:11:42.088+05:30 DEBUG 23000 --- [gateway] [DiscoveryClient-CacheRefreshExecutor-%d] [                                                 ] o.s.c.g.filter.GatewayMetricsFilter      : New routes count: 3
2026-01-07T00:12:12.126+05:30 DEBUG 23000 --- [gateway] [DiscoveryClient-CacheRefreshExecutor-%d] [                                                 ] o.s.c.g.r.RouteDefinitionRouteLocator    : RouteDefinition product-service applying {_genkey_0=/api/products/**} to Path
2026-01-07T00:12:12.127+05:30 DEBUG 23000 --- [gateway] [DiscoveryClient-CacheRefreshExecutor-%d] [                                                 ] o.s.c.g.r.RouteDefinitionRouteLocator    : RouteDefinition matched: product-service
2026-01-07T00:12:12.127+05:30 DEBUG 23000 --- [gateway] [DiscoveryClient-CacheRefreshExecutor-%d] [                                                 ] o.s.c.g.r.RouteDefinitionRouteLocator    : RouteDefinition user-service applying {_genkey_0=/api/users/**} to Path
2026-01-07T00:12:12.128+05:30 DEBUG 23000 --- [gateway] [DiscoveryClient-CacheRefreshExecutor-%d] [                                                 ] o.s.c.g.r.RouteDefinitionRouteLocator    : RouteDefinition matched: user-service
2026-01-07T00:12:12.128+05:30 DEBUG 23000 --- [gateway] [DiscoveryClient-CacheRefreshExecutor-%d] [                                                 ] o.s.c.g.r.RouteDefinitionRouteLocator    : RouteDefinition order-service applying {_genkey_0=/api/orders/**} to Path
2026-01-07T00:12:12.128+05:30 DEBUG 23000 --- [gateway] [DiscoveryClient-CacheRefreshExecutor-%d] [                                                 ] o.s.c.g.r.RouteDefinitionRouteLocator    : RouteDefinition order-service applying {_genkey_0=/api/cart/**} to Path
2026-01-07T00:12:12.129+05:30 DEBUG 23000 --- [gateway] [DiscoveryClient-CacheRefreshExecutor-%d] [                                                 ] o.s.c.g.r.RouteDefinitionRouteLocator    : RouteDefinition matched: order-service
2026-01-07T00:12:12.129+05:30 DEBUG 23000 --- [gateway] [DiscoveryClient-CacheRefreshExecutor-%d] [                                                 ] o.s.c.g.filter.GatewayMetricsFilter      : New routes count: 3
2026-01-07T00:12:42.162+05:30 DEBUG 23000 --- [gateway] [DiscoveryClient-CacheRefreshExecutor-%d] [                                                 ] o.s.c.g.r.RouteDefinitionRouteLocator    : RouteDefinition product-service applying {_genkey_0=/api/products/**} to Path
2026-01-07T00:12:42.162+05:30 DEBUG 23000 --- [gateway] [DiscoveryClient-CacheRefreshExecutor-%d] [                                                 ] o.s.c.g.r.RouteDefinitionRouteLocator    : RouteDefinition matched: product-service
2026-01-07T00:12:42.162+05:30 DEBUG 23000 --- [gateway] [DiscoveryClient-CacheRefreshExecutor-%d] [                                                 ] o.s.c.g.r.RouteDefinitionRouteLocator    : RouteDefinition user-service applying {_genkey_0=/api/users/**} to Path
2026-01-07T00:12:42.163+05:30 DEBUG 23000 --- [gateway] [DiscoveryClient-CacheRefreshExecutor-%d] [                                                 ] o.s.c.g.r.RouteDefinitionRouteLocator    : RouteDefinition matched: user-service
2026-01-07T00:12:42.163+05:30 DEBUG 23000 --- [gateway] [DiscoveryClient-CacheRefreshExecutor-%d] [                                                 ] o.s.c.g.r.RouteDefinitionRouteLocator    : RouteDefinition order-service applying {_genkey_0=/api/orders/**} to Path
2026-01-07T00:12:42.164+05:30 DEBUG 23000 --- [gateway] [DiscoveryClient-CacheRefreshExecutor-%d] [                                                 ] o.s.c.g.r.RouteDefinitionRouteLocator    : RouteDefinition order-service applying {_genkey_0=/api/cart/**} to Path
2026-01-07T00:12:42.164+05:30 DEBUG 23000 --- [gateway] [DiscoveryClient-CacheRefreshExecutor-%d] [                                                 ] o.s.c.g.r.RouteDefinitionRouteLocator    : RouteDefinition matched: order-service
2026-01-07T00:12:42.165+05:30 DEBUG 23000 --- [gateway] [DiscoveryClient-CacheRefreshExecutor-%d] [                                                 ] o.s.c.g.filter.GatewayMetricsFilter      : New routes count: 3
2026-01-07T00:13:12.188+05:30 DEBUG 23000 --- [gateway] [DiscoveryClient-CacheRefreshExecutor-%d] [                                                 ] o.s.c.g.r.RouteDefinitionRouteLocator    : RouteDefinition product-service applying {_genkey_0=/api/products/**} to Path
2026-01-07T00:13:12.188+05:30 DEBUG 23000 --- [gateway] [DiscoveryClient-CacheRefreshExecutor-%d] [                                                 ] o.s.c.g.r.RouteDefinitionRouteLocator    : RouteDefinition matched: product-service
2026-01-07T00:13:12.188+05:30 DEBUG 23000 --- [gateway] [DiscoveryClient-CacheRefreshExecutor-%d] [                                                 ] o.s.c.g.r.RouteDefinitionRouteLocator    : RouteDefinition user-service applying {_genkey_0=/api/users/**} to Path
2026-01-07T00:13:12.189+05:30 DEBUG 23000 --- [gateway] [DiscoveryClient-CacheRefreshExecutor-%d] [                                                 ] o.s.c.g.r.RouteDefinitionRouteLocator    : RouteDefinition matched: user-service
2026-01-07T00:13:12.189+05:30 DEBUG 23000 --- [gateway] [DiscoveryClient-CacheRefreshExecutor-%d] [                                                 ] o.s.c.g.r.RouteDefinitionRouteLocator    : RouteDefinition order-service applying {_genkey_0=/api/orders/**} to Path
2026-01-07T00:13:12.189+05:30 DEBUG 23000 --- [gateway] [DiscoveryClient-CacheRefreshExecutor-%d] [                                                 ] o.s.c.g.r.RouteDefinitionRouteLocator    : RouteDefinition order-service applying {_genkey_0=/api/cart/**} to Path
2026-01-07T00:13:12.191+05:30 DEBUG 23000 --- [gateway] [DiscoveryClient-CacheRefreshExecutor-%d] [                                                 ] o.s.c.g.r.RouteDefinitionRouteLocator    : RouteDefinition matched: order-service
2026-01-07T00:13:12.191+05:30 DEBUG 23000 --- [gateway] [DiscoveryClient-CacheRefreshExecutor-%d] [                                                 ] o.s.c.g.filter.GatewayMetricsFilter      : New routes count: 3
2026-01-07T00:13:42.210+05:30 DEBUG 23000 --- [gateway] [DiscoveryClient-CacheRefreshExecutor-%d] [                                                 ] o.s.c.g.r.RouteDefinitionRouteLocator    : RouteDefinition product-service applying {_genkey_0=/api/products/**} to Path
2026-01-07T00:13:42.211+05:30 DEBUG 23000 --- [gateway] [DiscoveryClient-CacheRefreshExecutor-%d] [                                                 ] o.s.c.g.r.RouteDefinitionRouteLocator    : RouteDefinition matched: product-service
2026-01-07T00:13:42.211+05:30 DEBUG 23000 --- [gateway] [DiscoveryClient-CacheRefreshExecutor-%d] [                                                 ] o.s.c.g.r.RouteDefinitionRouteLocator    : RouteDefinition user-service applying {_genkey_0=/api/users/**} to Path
2026-01-07T00:13:42.211+05:30 DEBUG 23000 --- [gateway] [DiscoveryClient-CacheRefreshExecutor-%d] [                                                 ] o.s.c.g.r.RouteDefinitionRouteLocator    : RouteDefinition matched: user-service
2026-01-07T00:13:42.211+05:30 DEBUG 23000 --- [gateway] [DiscoveryClient-CacheRefreshExecutor-%d] [                                                 ] o.s.c.g.r.RouteDefinitionRouteLocator    : RouteDefinition order-service applying {_genkey_0=/api/orders/**} to Path
2026-01-07T00:13:42.212+05:30 DEBUG 23000 --- [gateway] [DiscoveryClient-CacheRefreshExecutor-%d] [                                                 ] o.s.c.g.r.RouteDefinitionRouteLocator    : RouteDefinition order-service applying {_genkey_0=/api/cart/**} to Path
2026-01-07T00:13:42.212+05:30 DEBUG 23000 --- [gateway] [DiscoveryClient-CacheRefreshExecutor-%d] [                                                 ] o.s.c.g.r.RouteDefinitionRouteLocator    : RouteDefinition matched: order-service
2026-01-07T00:13:42.212+05:30 DEBUG 23000 --- [gateway] [DiscoveryClient-CacheRefreshExecutor-%d] [                                                 ] o.s.c.g.filter.GatewayMetricsFilter      : New routes count: 3
2026-01-07T00:14:12.241+05:30 DEBUG 23000 --- [gateway] [DiscoveryClient-CacheRefreshExecutor-%d] [                                                 ] o.s.c.g.r.RouteDefinitionRouteLocator    : RouteDefinition product-service applying {_genkey_0=/api/products/**} to Path
2026-01-07T00:14:12.242+05:30 DEBUG 23000 --- [gateway] [DiscoveryClient-CacheRefreshExecutor-%d] [                                                 ] o.s.c.g.r.RouteDefinitionRouteLocator    : RouteDefinition matched: product-service
2026-01-07T00:14:12.242+05:30 DEBUG 23000 --- [gateway] [DiscoveryClient-CacheRefreshExecutor-%d] [                                                 ] o.s.c.g.r.RouteDefinitionRouteLocator    : RouteDefinition user-service applying {_genkey_0=/api/users/**} to Path
2026-01-07T00:14:12.243+05:30 DEBUG 23000 --- [gateway] [DiscoveryClient-CacheRefreshExecutor-%d] [                                                 ] o.s.c.g.r.RouteDefinitionRouteLocator    : RouteDefinition matched: user-service
2026-01-07T00:14:12.243+05:30 DEBUG 23000 --- [gateway] [DiscoveryClient-CacheRefreshExecutor-%d] [                                                 ] o.s.c.g.r.RouteDefinitionRouteLocator    : RouteDefinition order-service applying {_genkey_0=/api/orders/**} to Path
2026-01-07T00:14:12.243+05:30 DEBUG 23000 --- [gateway] [DiscoveryClient-CacheRefreshExecutor-%d] [                                                 ] o.s.c.g.r.RouteDefinitionRouteLocator    : RouteDefinition order-service applying {_genkey_0=/api/cart/**} to Path
2026-01-07T00:14:12.244+05:30 DEBUG 23000 --- [gateway] [DiscoveryClient-CacheRefreshExecutor-%d] [                                                 ] o.s.c.g.r.RouteDefinitionRouteLocator    : RouteDefinition matched: order-service
2026-01-07T00:14:12.244+05:30 DEBUG 23000 --- [gateway] [DiscoveryClient-CacheRefreshExecutor-%d] [                                                 ] o.s.c.g.filter.GatewayMetricsFilter      : New routes count: 3
2026-01-07T00:14:42.265+05:30 DEBUG 23000 --- [gateway] [DiscoveryClient-CacheRefreshExecutor-%d] [                                                 ] o.s.c.g.r.RouteDefinitionRouteLocator    : RouteDefinition product-service applying {_genkey_0=/api/products/**} to Path
2026-01-07T00:14:42.266+05:30 DEBUG 23000 --- [gateway] [DiscoveryClient-CacheRefreshExecutor-%d] [                                                 ] o.s.c.g.r.RouteDefinitionRouteLocator    : RouteDefinition matched: product-service
2026-01-07T00:14:42.266+05:30 DEBUG 23000 --- [gateway] [DiscoveryClient-CacheRefreshExecutor-%d] [                                                 ] o.s.c.g.r.RouteDefinitionRouteLocator    : RouteDefinition user-service applying {_genkey_0=/api/users/**} to Path
2026-01-07T00:14:42.267+05:30 DEBUG 23000 --- [gateway] [DiscoveryClient-CacheRefreshExecutor-%d] [                                                 ] o.s.c.g.r.RouteDefinitionRouteLocator    : RouteDefinition matched: user-service
2026-01-07T00:14:42.267+05:30 DEBUG 23000 --- [gateway] [DiscoveryClient-CacheRefreshExecutor-%d] [                                                 ] o.s.c.g.r.RouteDefinitionRouteLocator    : RouteDefinition order-service applying {_genkey_0=/api/orders/**} to Path
2026-01-07T00:14:42.268+05:30 DEBUG 23000 --- [gateway] [DiscoveryClient-CacheRefreshExecutor-%d] [                                                 ] o.s.c.g.r.RouteDefinitionRouteLocator    : RouteDefinition order-service applying {_genkey_0=/api/cart/**} to Path
2026-01-07T00:14:42.269+05:30 DEBUG 23000 --- [gateway] [DiscoveryClient-CacheRefreshExecutor-%d] [                                                 ] o.s.c.g.r.RouteDefinitionRouteLocator    : RouteDefinition matched: order-service
2026-01-07T00:14:42.269+05:30 DEBUG 23000 --- [gateway] [DiscoveryClient-CacheRefreshExecutor-%d] [                                                 ] o.s.c.g.filter.GatewayMetricsFilter      : New routes count: 3
2026-01-07T00:15:12.304+05:30 DEBUG 23000 --- [gateway] [DiscoveryClient-CacheRefreshExecutor-%d] [                                                 ] o.s.c.g.r.RouteDefinitionRouteLocator    : RouteDefinition product-service applying {_genkey_0=/api/products/**} to Path
2026-01-07T00:15:12.306+05:30 DEBUG 23000 --- [gateway] [DiscoveryClient-CacheRefreshExecutor-%d] [                                                 ] o.s.c.g.r.RouteDefinitionRouteLocator    : RouteDefinition matched: product-service
2026-01-07T00:15:12.306+05:30 DEBUG 23000 --- [gateway] [DiscoveryClient-CacheRefreshExecutor-%d] [                                                 ] o.s.c.g.r.RouteDefinitionRouteLocator    : RouteDefinition user-service applying {_genkey_0=/api/users/**} to Path
2026-01-07T00:15:12.307+05:30 DEBUG 23000 --- [gateway] [DiscoveryClient-CacheRefreshExecutor-%d] [                                                 ] o.s.c.g.r.RouteDefinitionRouteLocator    : RouteDefinition matched: user-service
2026-01-07T00:15:12.307+05:30 DEBUG 23000 --- [gateway] [DiscoveryClient-CacheRefreshExecutor-%d] [                                                 ] o.s.c.g.r.RouteDefinitionRouteLocator    : RouteDefinition order-service applying {_genkey_0=/api/orders/**} to Path
2026-01-07T00:15:12.307+05:30 DEBUG 23000 --- [gateway] [DiscoveryClient-CacheRefreshExecutor-%d] [                                                 ] o.s.c.g.r.RouteDefinitionRouteLocator    : RouteDefinition order-service applying {_genkey_0=/api/cart/**} to Path
2026-01-07T00:15:12.307+05:30 DEBUG 23000 --- [gateway] [DiscoveryClient-CacheRefreshExecutor-%d] [                                                 ] o.s.c.g.r.RouteDefinitionRouteLocator    : RouteDefinition matched: order-service
2026-01-07T00:15:12.308+05:30 DEBUG 23000 --- [gateway] [DiscoveryClient-CacheRefreshExecutor-%d] [                                                 ] o.s.c.g.filter.GatewayMetricsFilter      : New routes count: 3
2026-01-07T00:15:42.334+05:30 DEBUG 23000 --- [gateway] [DiscoveryClient-CacheRefreshExecutor-%d] [                                                 ] o.s.c.g.r.RouteDefinitionRouteLocator    : RouteDefinition product-service applying {_genkey_0=/api/products/**} to Path
2026-01-07T00:15:42.335+05:30 DEBUG 23000 --- [gateway] [DiscoveryClient-CacheRefreshExecutor-%d] [                                                 ] o.s.c.g.r.RouteDefinitionRouteLocator    : RouteDefinition matched: product-service
2026-01-07T00:15:42.335+05:30 DEBUG 23000 --- [gateway] [DiscoveryClient-CacheRefreshExecutor-%d] [                                                 ] o.s.c.g.r.RouteDefinitionRouteLocator    : RouteDefinition user-service applying {_genkey_0=/api/users/**} to Path
2026-01-07T00:15:42.336+05:30 DEBUG 23000 --- [gateway] [DiscoveryClient-CacheRefreshExecutor-%d] [                                                 ] o.s.c.g.r.RouteDefinitionRouteLocator    : RouteDefinition matched: user-service
2026-01-07T00:15:42.336+05:30 DEBUG 23000 --- [gateway] [DiscoveryClient-CacheRefreshExecutor-%d] [                                                 ] o.s.c.g.r.RouteDefinitionRouteLocator    : RouteDefinition order-service applying {_genkey_0=/api/orders/**} to Path
2026-01-07T00:15:42.336+05:30 DEBUG 23000 --- [gateway] [DiscoveryClient-CacheRefreshExecutor-%d] [                                                 ] o.s.c.g.r.RouteDefinitionRouteLocator    : RouteDefinition order-service applying {_genkey_0=/api/cart/**} to Path
2026-01-07T00:15:42.336+05:30 DEBUG 23000 --- [gateway] [DiscoveryClient-CacheRefreshExecutor-%d] [                                                 ] o.s.c.g.r.RouteDefinitionRouteLocator    : RouteDefinition matched: order-service
2026-01-07T00:15:42.336+05:30 DEBUG 23000 --- [gateway] [DiscoveryClient-CacheRefreshExecutor-%d] [                                                 ] o.s.c.g.filter.GatewayMetricsFilter      : New routes count: 3
2026-01-07T00:16:12.359+05:30 DEBUG 23000 --- [gateway] [DiscoveryClient-CacheRefreshExecutor-%d] [                                                 ] o.s.c.g.r.RouteDefinitionRouteLocator    : RouteDefinition product-service applying {_genkey_0=/api/products/**} to Path
2026-01-07T00:16:12.360+05:30 DEBUG 23000 --- [gateway] [DiscoveryClient-CacheRefreshExecutor-%d] [                                                 ] o.s.c.g.r.RouteDefinitionRouteLocator    : RouteDefinition matched: product-service
2026-01-07T00:16:12.360+05:30 DEBUG 23000 --- [gateway] [DiscoveryClient-CacheRefreshExecutor-%d] [                                                 ] o.s.c.g.r.RouteDefinitionRouteLocator    : RouteDefinition user-service applying {_genkey_0=/api/users/**} to Path
2026-01-07T00:16:12.360+05:30 DEBUG 23000 --- [gateway] [DiscoveryClient-CacheRefreshExecutor-%d] [                                                 ] o.s.c.g.r.RouteDefinitionRouteLocator    : RouteDefinition matched: user-service
2026-01-07T00:16:12.360+05:30 DEBUG 23000 --- [gateway] [DiscoveryClient-CacheRefreshExecutor-%d] [                                                 ] o.s.c.g.r.RouteDefinitionRouteLocator    : RouteDefinition order-service applying {_genkey_0=/api/orders/**} to Path
2026-01-07T00:16:12.360+05:30 DEBUG 23000 --- [gateway] [DiscoveryClient-CacheRefreshExecutor-%d] [                                                 ] o.s.c.g.r.RouteDefinitionRouteLocator    : RouteDefinition order-service applying {_genkey_0=/api/cart/**} to Path
2026-01-07T00:16:12.361+05:30 DEBUG 23000 --- [gateway] [DiscoveryClient-CacheRefreshExecutor-%d] [                                                 ] o.s.c.g.r.RouteDefinitionRouteLocator    : RouteDefinition matched: order-service
2026-01-07T00:16:12.361+05:30 DEBUG 23000 --- [gateway] [DiscoveryClient-CacheRefreshExecutor-%d] [                                                 ] o.s.c.g.filter.GatewayMetricsFilter      : New routes count: 3
2026-01-07T00:16:39.657+05:30  INFO 23000 --- [gateway] [AsyncResolver-bootstrap-executor-%d] [                                                 ] c.n.d.s.r.aws.ConfigClusterResolver      : Resolving eureka endpoints via configuration
2026-01-07T00:16:42.394+05:30 DEBUG 23000 --- [gateway] [DiscoveryClient-CacheRefreshExecutor-%d] [                                                 ] o.s.c.g.r.RouteDefinitionRouteLocator    : RouteDefinition product-service applying {_genkey_0=/api/products/**} to Path
2026-01-07T00:16:42.394+05:30 DEBUG 23000 --- [gateway] [DiscoveryClient-CacheRefreshExecutor-%d] [                                                 ] o.s.c.g.r.RouteDefinitionRouteLocator    : RouteDefinition matched: product-service
2026-01-07T00:16:42.394+05:30 DEBUG 23000 --- [gateway] [DiscoveryClient-CacheRefreshExecutor-%d] [                                                 ] o.s.c.g.r.RouteDefinitionRouteLocator    : RouteDefinition user-service applying {_genkey_0=/api/users/**} to Path
2026-01-07T00:16:42.400+05:30 DEBUG 23000 --- [gateway] [DiscoveryClient-CacheRefreshExecutor-%d] [                                                 ] o.s.c.g.r.RouteDefinitionRouteLocator    : RouteDefinition matched: user-service
2026-01-07T00:16:42.400+05:30 DEBUG 23000 --- [gateway] [DiscoveryClient-CacheRefreshExecutor-%d] [                                                 ] o.s.c.g.r.RouteDefinitionRouteLocator    : RouteDefinition order-service applying {_genkey_0=/api/orders/**} to Path
2026-01-07T00:16:42.401+05:30 DEBUG 23000 --- [gateway] [DiscoveryClient-CacheRefreshExecutor-%d] [                                                 ] o.s.c.g.r.RouteDefinitionRouteLocator    : RouteDefinition order-service applying {_genkey_0=/api/cart/**} to Path
2026-01-07T00:16:42.401+05:30 DEBUG 23000 --- [gateway] [DiscoveryClient-CacheRefreshExecutor-%d] [                                                 ] o.s.c.g.r.RouteDefinitionRouteLocator    : RouteDefinition matched: order-service
2026-01-07T00:16:42.401+05:30 DEBUG 23000 --- [gateway] [DiscoveryClient-CacheRefreshExecutor-%d] [                                                 ] o.s.c.g.filter.GatewayMetricsFilter      : New routes count: 3
2026-01-07T00:17:12.429+05:30 DEBUG 23000 --- [gateway] [DiscoveryClient-CacheRefreshExecutor-%d] [                                                 ] o.s.c.g.r.RouteDefinitionRouteLocator    : RouteDefinition product-service applying {_genkey_0=/api/products/**} to Path
2026-01-07T00:17:12.430+05:30 DEBUG 23000 --- [gateway] [DiscoveryClient-CacheRefreshExecutor-%d] [                                                 ] o.s.c.g.r.RouteDefinitionRouteLocator    : RouteDefinition matched: product-service
2026-01-07T00:17:12.430+05:30 DEBUG 23000 --- [gateway] [DiscoveryClient-CacheRefreshExecutor-%d] [                                                 ] o.s.c.g.r.RouteDefinitionRouteLocator    : RouteDefinition user-service applying {_genkey_0=/api/users/**} to Path
2026-01-07T00:17:12.430+05:30 DEBUG 23000 --- [gateway] [DiscoveryClient-CacheRefreshExecutor-%d] [                                                 ] o.s.c.g.r.RouteDefinitionRouteLocator    : RouteDefinition matched: user-service
2026-01-07T00:17:12.430+05:30 DEBUG 23000 --- [gateway] [DiscoveryClient-CacheRefreshExecutor-%d] [                                                 ] o.s.c.g.r.RouteDefinitionRouteLocator    : RouteDefinition order-service applying {_genkey_0=/api/orders/**} to Path
2026-01-07T00:17:12.431+05:30 DEBUG 23000 --- [gateway] [DiscoveryClient-CacheRefreshExecutor-%d] [                                                 ] o.s.c.g.r.RouteDefinitionRouteLocator    : RouteDefinition order-service applying {_genkey_0=/api/cart/**} to Path
2026-01-07T00:17:12.431+05:30 DEBUG 23000 --- [gateway] [DiscoveryClient-CacheRefreshExecutor-%d] [                                                 ] o.s.c.g.r.RouteDefinitionRouteLocator    : RouteDefinition matched: order-service
2026-01-07T00:17:12.431+05:30 DEBUG 23000 --- [gateway] [DiscoveryClient-CacheRefreshExecutor-%d] [                                                 ] o.s.c.g.filter.GatewayMetricsFilter      : New routes count: 3
2026-01-07T00:17:42.466+05:30 DEBUG 23000 --- [gateway] [DiscoveryClient-CacheRefreshExecutor-%d] [                                                 ] o.s.c.g.r.RouteDefinitionRouteLocator    : RouteDefinition product-service applying {_genkey_0=/api/products/**} to Path
2026-01-07T00:17:42.466+05:30 DEBUG 23000 --- [gateway] [DiscoveryClient-CacheRefreshExecutor-%d] [                                                 ] o.s.c.g.r.RouteDefinitionRouteLocator    : RouteDefinition matched: product-service
2026-01-07T00:17:42.466+05:30 DEBUG 23000 --- [gateway] [DiscoveryClient-CacheRefreshExecutor-%d] [                                                 ] o.s.c.g.r.RouteDefinitionRouteLocator    : RouteDefinition user-service applying {_genkey_0=/api/users/**} to Path
2026-01-07T00:17:42.466+05:30 DEBUG 23000 --- [gateway] [DiscoveryClient-CacheRefreshExecutor-%d] [                                                 ] o.s.c.g.r.RouteDefinitionRouteLocator    : RouteDefinition matched: user-service
2026-01-07T00:17:42.466+05:30 DEBUG 23000 --- [gateway] [DiscoveryClient-CacheRefreshExecutor-%d] [                                                 ] o.s.c.g.r.RouteDefinitionRouteLocator    : RouteDefinition order-service applying {_genkey_0=/api/orders/**} to Path
2026-01-07T00:17:42.467+05:30 DEBUG 23000 --- [gateway] [DiscoveryClient-CacheRefreshExecutor-%d] [                                                 ] o.s.c.g.r.RouteDefinitionRouteLocator    : RouteDefinition order-service applying {_genkey_0=/api/cart/**} to Path
2026-01-07T00:17:42.468+05:30 DEBUG 23000 --- [gateway] [DiscoveryClient-CacheRefreshExecutor-%d] [                                                 ] o.s.c.g.r.RouteDefinitionRouteLocator    : RouteDefinition matched: order-service
2026-01-07T00:17:42.468+05:30 DEBUG 23000 --- [gateway] [DiscoveryClient-CacheRefreshExecutor-%d] [                                                 ] o.s.c.g.filter.GatewayMetricsFilter      : New routes count: 3
2026-01-07T00:18:12.497+05:30 DEBUG 23000 --- [gateway] [DiscoveryClient-CacheRefreshExecutor-%d] [                                                 ] o.s.c.g.r.RouteDefinitionRouteLocator    : RouteDefinition product-service applying {_genkey_0=/api/products/**} to Path
2026-01-07T00:18:12.503+05:30 DEBUG 23000 --- [gateway] [DiscoveryClient-CacheRefreshExecutor-%d] [                                                 ] o.s.c.g.r.RouteDefinitionRouteLocator    : RouteDefinition matched: product-service
2026-01-07T00:18:12.504+05:30 DEBUG 23000 --- [gateway] [DiscoveryClient-CacheRefreshExecutor-%d] [                                                 ] o.s.c.g.r.RouteDefinitionRouteLocator    : RouteDefinition user-service applying {_genkey_0=/api/users/**} to Path
2026-01-07T00:18:12.504+05:30 DEBUG 23000 --- [gateway] [DiscoveryClient-CacheRefreshExecutor-%d] [                                                 ] o.s.c.g.r.RouteDefinitionRouteLocator    : RouteDefinition matched: user-service
2026-01-07T00:18:12.504+05:30 DEBUG 23000 --- [gateway] [DiscoveryClient-CacheRefreshExecutor-%d] [                                                 ] o.s.c.g.r.RouteDefinitionRouteLocator    : RouteDefinition order-service applying {_genkey_0=/api/orders/**} to Path
2026-01-07T00:18:12.504+05:30 DEBUG 23000 --- [gateway] [DiscoveryClient-CacheRefreshExecutor-%d] [                                                 ] o.s.c.g.r.RouteDefinitionRouteLocator    : RouteDefinition order-service applying {_genkey_0=/api/cart/**} to Path
2026-01-07T00:18:12.505+05:30 DEBUG 23000 --- [gateway] [DiscoveryClient-CacheRefreshExecutor-%d] [                                                 ] o.s.c.g.r.RouteDefinitionRouteLocator    : RouteDefinition matched: order-service
2026-01-07T00:18:12.506+05:30 DEBUG 23000 --- [gateway] [DiscoveryClient-CacheRefreshExecutor-%d] [                                                 ] o.s.c.g.filter.GatewayMetricsFilter      : New routes count: 3
2026-01-07T00:18:42.541+05:30 DEBUG 23000 --- [gateway] [DiscoveryClient-CacheRefreshExecutor-%d] [                                                 ] o.s.c.g.r.RouteDefinitionRouteLocator    : RouteDefinition product-service applying {_genkey_0=/api/products/**} to Path
2026-01-07T00:18:42.542+05:30 DEBUG 23000 --- [gateway] [DiscoveryClient-CacheRefreshExecutor-%d] [                                                 ] o.s.c.g.r.RouteDefinitionRouteLocator    : RouteDefinition matched: product-service
2026-01-07T00:18:42.542+05:30 DEBUG 23000 --- [gateway] [DiscoveryClient-CacheRefreshExecutor-%d] [                                                 ] o.s.c.g.r.RouteDefinitionRouteLocator    : RouteDefinition user-service applying {_genkey_0=/api/users/**} to Path
2026-01-07T00:18:42.543+05:30 DEBUG 23000 --- [gateway] [DiscoveryClient-CacheRefreshExecutor-%d] [                                                 ] o.s.c.g.r.RouteDefinitionRouteLocator    : RouteDefinition matched: user-service
2026-01-07T00:18:42.543+05:30 DEBUG 23000 --- [gateway] [DiscoveryClient-CacheRefreshExecutor-%d] [                                                 ] o.s.c.g.r.RouteDefinitionRouteLocator    : RouteDefinition order-service applying {_genkey_0=/api/orders/**} to Path
2026-01-07T00:18:42.543+05:30 DEBUG 23000 --- [gateway] [DiscoveryClient-CacheRefreshExecutor-%d] [                                                 ] o.s.c.g.r.RouteDefinitionRouteLocator    : RouteDefinition order-service applying {_genkey_0=/api/cart/**} to Path
2026-01-07T00:18:42.543+05:30 DEBUG 23000 --- [gateway] [DiscoveryClient-CacheRefreshExecutor-%d] [                                                 ] o.s.c.g.r.RouteDefinitionRouteLocator    : RouteDefinition matched: order-service
2026-01-07T00:18:42.544+05:30 DEBUG 23000 --- [gateway] [DiscoveryClient-CacheRefreshExecutor-%d] [                                                 ] o.s.c.g.filter.GatewayMetricsFilter      : New routes count: 3
2026-01-07T00:19:12.577+05:30 DEBUG 23000 --- [gateway] [DiscoveryClient-CacheRefreshExecutor-%d] [                                                 ] o.s.c.g.r.RouteDefinitionRouteLocator    : RouteDefinition product-service applying {_genkey_0=/api/products/**} to Path
2026-01-07T00:19:12.578+05:30 DEBUG 23000 --- [gateway] [DiscoveryClient-CacheRefreshExecutor-%d] [                                                 ] o.s.c.g.r.RouteDefinitionRouteLocator    : RouteDefinition matched: product-service
2026-01-07T00:19:12.578+05:30 DEBUG 23000 --- [gateway] [DiscoveryClient-CacheRefreshExecutor-%d] [                                                 ] o.s.c.g.r.RouteDefinitionRouteLocator    : RouteDefinition user-service applying {_genkey_0=/api/users/**} to Path
2026-01-07T00:19:12.578+05:30 DEBUG 23000 --- [gateway] [DiscoveryClient-CacheRefreshExecutor-%d] [                                                 ] o.s.c.g.r.RouteDefinitionRouteLocator    : RouteDefinition matched: user-service
2026-01-07T00:19:12.578+05:30 DEBUG 23000 --- [gateway] [DiscoveryClient-CacheRefreshExecutor-%d] [                                                 ] o.s.c.g.r.RouteDefinitionRouteLocator    : RouteDefinition order-service applying {_genkey_0=/api/orders/**} to Path
2026-01-07T00:19:12.579+05:30 DEBUG 23000 --- [gateway] [DiscoveryClient-CacheRefreshExecutor-%d] [                                                 ] o.s.c.g.r.RouteDefinitionRouteLocator    : RouteDefinition order-service applying {_genkey_0=/api/cart/**} to Path
2026-01-07T00:19:12.579+05:30 DEBUG 23000 --- [gateway] [DiscoveryClient-CacheRefreshExecutor-%d] [                                                 ] o.s.c.g.r.RouteDefinitionRouteLocator    : RouteDefinition matched: order-service
2026-01-07T00:19:12.579+05:30 DEBUG 23000 --- [gateway] [DiscoveryClient-CacheRefreshExecutor-%d] [                                                 ] o.s.c.g.filter.GatewayMetricsFilter      : New routes count: 3
2026-01-07T00:19:42.607+05:30 DEBUG 23000 --- [gateway] [DiscoveryClient-CacheRefreshExecutor-%d] [                                                 ] o.s.c.g.r.RouteDefinitionRouteLocator    : RouteDefinition product-service applying {_genkey_0=/api/products/**} to Path
2026-01-07T00:19:42.608+05:30 DEBUG 23000 --- [gateway] [DiscoveryClient-CacheRefreshExecutor-%d] [                                                 ] o.s.c.g.r.RouteDefinitionRouteLocator    : RouteDefinition matched: product-service
2026-01-07T00:19:42.608+05:30 DEBUG 23000 --- [gateway] [DiscoveryClient-CacheRefreshExecutor-%d] [                                                 ] o.s.c.g.r.RouteDefinitionRouteLocator    : RouteDefinition user-service applying {_genkey_0=/api/users/**} to Path
2026-01-07T00:19:42.608+05:30 DEBUG 23000 --- [gateway] [DiscoveryClient-CacheRefreshExecutor-%d] [                                                 ] o.s.c.g.r.RouteDefinitionRouteLocator    : RouteDefinition matched: user-service
2026-01-07T00:19:42.609+05:30 DEBUG 23000 --- [gateway] [DiscoveryClient-CacheRefreshExecutor-%d] [                                                 ] o.s.c.g.r.RouteDefinitionRouteLocator    : RouteDefinition order-service applying {_genkey_0=/api/orders/**} to Path
2026-01-07T00:19:42.609+05:30 DEBUG 23000 --- [gateway] [DiscoveryClient-CacheRefreshExecutor-%d] [                                                 ] o.s.c.g.r.RouteDefinitionRouteLocator    : RouteDefinition order-service applying {_genkey_0=/api/cart/**} to Path
2026-01-07T00:19:42.609+05:30 DEBUG 23000 --- [gateway] [DiscoveryClient-CacheRefreshExecutor-%d] [                                                 ] o.s.c.g.r.RouteDefinitionRouteLocator    : RouteDefinition matched: order-service
2026-01-07T00:19:42.609+05:30 DEBUG 23000 --- [gateway] [DiscoveryClient-CacheRefreshExecutor-%d] [                                                 ] o.s.c.g.filter.GatewayMetricsFilter      : New routes count: 3
2026-01-07T00:20:12.636+05:30 DEBUG 23000 --- [gateway] [DiscoveryClient-CacheRefreshExecutor-%d] [                                                 ] o.s.c.g.r.RouteDefinitionRouteLocator    : RouteDefinition product-service applying {_genkey_0=/api/products/**} to Path
2026-01-07T00:20:12.636+05:30 DEBUG 23000 --- [gateway] [DiscoveryClient-CacheRefreshExecutor-%d] [                                                 ] o.s.c.g.r.RouteDefinitionRouteLocator    : RouteDefinition matched: product-service
2026-01-07T00:20:12.636+05:30 DEBUG 23000 --- [gateway] [DiscoveryClient-CacheRefreshExecutor-%d] [                                                 ] o.s.c.g.r.RouteDefinitionRouteLocator    : RouteDefinition user-service applying {_genkey_0=/api/users/**} to Path
2026-01-07T00:20:12.637+05:30 DEBUG 23000 --- [gateway] [DiscoveryClient-CacheRefreshExecutor-%d] [                                                 ] o.s.c.g.r.RouteDefinitionRouteLocator    : RouteDefinition matched: user-service
2026-01-07T00:20:12.637+05:30 DEBUG 23000 --- [gateway] [DiscoveryClient-CacheRefreshExecutor-%d] [                                                 ] o.s.c.g.r.RouteDefinitionRouteLocator    : RouteDefinition order-service applying {_genkey_0=/api/orders/**} to Path
2026-01-07T00:20:12.637+05:30 DEBUG 23000 --- [gateway] [DiscoveryClient-CacheRefreshExecutor-%d] [                                                 ] o.s.c.g.r.RouteDefinitionRouteLocator    : RouteDefinition order-service applying {_genkey_0=/api/cart/**} to Path
2026-01-07T00:20:12.638+05:30 DEBUG 23000 --- [gateway] [DiscoveryClient-CacheRefreshExecutor-%d] [                                                 ] o.s.c.g.r.RouteDefinitionRouteLocator    : RouteDefinition matched: order-service
2026-01-07T00:20:12.638+05:30 DEBUG 23000 --- [gateway] [DiscoveryClient-CacheRefreshExecutor-%d] [                                                 ] o.s.c.g.filter.GatewayMetricsFilter      : New routes count: 3
2026-01-07T00:20:42.672+05:30 DEBUG 23000 --- [gateway] [DiscoveryClient-CacheRefreshExecutor-%d] [                                                 ] o.s.c.g.r.RouteDefinitionRouteLocator    : RouteDefinition product-service applying {_genkey_0=/api/products/**} to Path
2026-01-07T00:20:42.673+05:30 DEBUG 23000 --- [gateway] [DiscoveryClient-CacheRefreshExecutor-%d] [                                                 ] o.s.c.g.r.RouteDefinitionRouteLocator    : RouteDefinition matched: product-service
2026-01-07T00:20:42.673+05:30 DEBUG 23000 --- [gateway] [DiscoveryClient-CacheRefreshExecutor-%d] [                                                 ] o.s.c.g.r.RouteDefinitionRouteLocator    : RouteDefinition user-service applying {_genkey_0=/api/users/**} to Path
2026-01-07T00:20:42.673+05:30 DEBUG 23000 --- [gateway] [DiscoveryClient-CacheRefreshExecutor-%d] [                                                 ] o.s.c.g.r.RouteDefinitionRouteLocator    : RouteDefinition matched: user-service
2026-01-07T00:20:42.673+05:30 DEBUG 23000 --- [gateway] [DiscoveryClient-CacheRefreshExecutor-%d] [                                                 ] o.s.c.g.r.RouteDefinitionRouteLocator    : RouteDefinition order-service applying {_genkey_0=/api/orders/**} to Path
2026-01-07T00:20:42.673+05:30 DEBUG 23000 --- [gateway] [DiscoveryClient-CacheRefreshExecutor-%d] [                                                 ] o.s.c.g.r.RouteDefinitionRouteLocator    : RouteDefinition order-service applying {_genkey_0=/api/cart/**} to Path
2026-01-07T00:20:42.674+05:30 DEBUG 23000 --- [gateway] [DiscoveryClient-CacheRefreshExecutor-%d] [                                                 ] o.s.c.g.r.RouteDefinitionRouteLocator    : RouteDefinition matched: order-service
2026-01-07T00:20:42.674+05:30 DEBUG 23000 --- [gateway] [DiscoveryClient-CacheRefreshExecutor-%d] [                                                 ] o.s.c.g.filter.GatewayMetricsFilter      : New routes count: 3
2026-01-07T00:21:12.702+05:30 DEBUG 23000 --- [gateway] [DiscoveryClient-CacheRefreshExecutor-%d] [                                                 ] o.s.c.g.r.RouteDefinitionRouteLocator    : RouteDefinition product-service applying {_genkey_0=/api/products/**} to Path
2026-01-07T00:21:12.703+05:30 DEBUG 23000 --- [gateway] [DiscoveryClient-CacheRefreshExecutor-%d] [                                                 ] o.s.c.g.r.RouteDefinitionRouteLocator    : RouteDefinition matched: product-service
2026-01-07T00:21:12.703+05:30 DEBUG 23000 --- [gateway] [DiscoveryClient-CacheRefreshExecutor-%d] [                                                 ] o.s.c.g.r.RouteDefinitionRouteLocator    : RouteDefinition user-service applying {_genkey_0=/api/users/**} to Path
2026-01-07T00:21:12.707+05:30 DEBUG 23000 --- [gateway] [DiscoveryClient-CacheRefreshExecutor-%d] [                                                 ] o.s.c.g.r.RouteDefinitionRouteLocator    : RouteDefinition matched: user-service
2026-01-07T00:21:12.707+05:30 DEBUG 23000 --- [gateway] [DiscoveryClient-CacheRefreshExecutor-%d] [                                                 ] o.s.c.g.r.RouteDefinitionRouteLocator    : RouteDefinition order-service applying {_genkey_0=/api/orders/**} to Path
2026-01-07T00:21:12.707+05:30 DEBUG 23000 --- [gateway] [DiscoveryClient-CacheRefreshExecutor-%d] [                                                 ] o.s.c.g.r.RouteDefinitionRouteLocator    : RouteDefinition order-service applying {_genkey_0=/api/cart/**} to Path
2026-01-07T00:21:12.707+05:30 DEBUG 23000 --- [gateway] [DiscoveryClient-CacheRefreshExecutor-%d] [                                                 ] o.s.c.g.r.RouteDefinitionRouteLocator    : RouteDefinition matched: order-service
2026-01-07T00:21:12.707+05:30 DEBUG 23000 --- [gateway] [DiscoveryClient-CacheRefreshExecutor-%d] [                                                 ] o.s.c.g.filter.GatewayMetricsFilter      : New routes count: 3
2026-01-07T00:21:39.677+05:30  INFO 23000 --- [gateway] [AsyncResolver-bootstrap-executor-%d] [                                                 ] c.n.d.s.r.aws.ConfigClusterResolver      : Resolving eureka endpoints via configuration
2026-01-07T00:21:42.742+05:30 DEBUG 23000 --- [gateway] [DiscoveryClient-CacheRefreshExecutor-%d] [                                                 ] o.s.c.g.r.RouteDefinitionRouteLocator    : RouteDefinition product-service applying {_genkey_0=/api/products/**} to Path
2026-01-07T00:21:42.742+05:30 DEBUG 23000 --- [gateway] [DiscoveryClient-CacheRefreshExecutor-%d] [                                                 ] o.s.c.g.r.RouteDefinitionRouteLocator    : RouteDefinition matched: product-service
2026-01-07T00:21:42.742+05:30 DEBUG 23000 --- [gateway] [DiscoveryClient-CacheRefreshExecutor-%d] [                                                 ] o.s.c.g.r.RouteDefinitionRouteLocator    : RouteDefinition user-service applying {_genkey_0=/api/users/**} to Path
2026-01-07T00:21:42.743+05:30 DEBUG 23000 --- [gateway] [DiscoveryClient-CacheRefreshExecutor-%d] [                                                 ] o.s.c.g.r.RouteDefinitionRouteLocator    : RouteDefinition matched: user-service
2026-01-07T00:21:42.743+05:30 DEBUG 23000 --- [gateway] [DiscoveryClient-CacheRefreshExecutor-%d] [                                                 ] o.s.c.g.r.RouteDefinitionRouteLocator    : RouteDefinition order-service applying {_genkey_0=/api/orders/**} to Path
2026-01-07T00:21:42.743+05:30 DEBUG 23000 --- [gateway] [DiscoveryClient-CacheRefreshExecutor-%d] [                                                 ] o.s.c.g.r.RouteDefinitionRouteLocator    : RouteDefinition order-service applying {_genkey_0=/api/cart/**} to Path
2026-01-07T00:21:42.743+05:30 DEBUG 23000 --- [gateway] [DiscoveryClient-CacheRefreshExecutor-%d] [                                                 ] o.s.c.g.r.RouteDefinitionRouteLocator    : RouteDefinition matched: order-service
2026-01-07T00:21:42.743+05:30 DEBUG 23000 --- [gateway] [DiscoveryClient-CacheRefreshExecutor-%d] [                                                 ] o.s.c.g.filter.GatewayMetricsFilter      : New routes count: 3
2026-01-07T00:22:12.768+05:30 DEBUG 23000 --- [gateway] [DiscoveryClient-CacheRefreshExecutor-%d] [                                                 ] o.s.c.g.r.RouteDefinitionRouteLocator    : RouteDefinition product-service applying {_genkey_0=/api/products/**} to Path
2026-01-07T00:22:12.769+05:30 DEBUG 23000 --- [gateway] [DiscoveryClient-CacheRefreshExecutor-%d] [                                                 ] o.s.c.g.r.RouteDefinitionRouteLocator    : RouteDefinition matched: product-service
2026-01-07T00:22:12.770+05:30 DEBUG 23000 --- [gateway] [DiscoveryClient-CacheRefreshExecutor-%d] [                                                 ] o.s.c.g.r.RouteDefinitionRouteLocator    : RouteDefinition user-service applying {_genkey_0=/api/users/**} to Path
2026-01-07T00:22:12.770+05:30 DEBUG 23000 --- [gateway] [DiscoveryClient-CacheRefreshExecutor-%d] [                                                 ] o.s.c.g.r.RouteDefinitionRouteLocator    : RouteDefinition matched: user-service
2026-01-07T00:22:12.773+05:30 DEBUG 23000 --- [gateway] [DiscoveryClient-CacheRefreshExecutor-%d] [                                                 ] o.s.c.g.r.RouteDefinitionRouteLocator    : RouteDefinition order-service applying {_genkey_0=/api/orders/**} to Path
2026-01-07T00:22:12.773+05:30 DEBUG 23000 --- [gateway] [DiscoveryClient-CacheRefreshExecutor-%d] [                                                 ] o.s.c.g.r.RouteDefinitionRouteLocator    : RouteDefinition order-service applying {_genkey_0=/api/cart/**} to Path
2026-01-07T00:22:12.773+05:30 DEBUG 23000 --- [gateway] [DiscoveryClient-CacheRefreshExecutor-%d] [                                                 ] o.s.c.g.r.RouteDefinitionRouteLocator    : RouteDefinition matched: order-service
2026-01-07T00:22:12.773+05:30 DEBUG 23000 --- [gateway] [DiscoveryClient-CacheRefreshExecutor-%d] [                                                 ] o.s.c.g.filter.GatewayMetricsFilter      : New routes count: 3
2026-01-07T00:22:42.804+05:30 DEBUG 23000 --- [gateway] [DiscoveryClient-CacheRefreshExecutor-%d] [                                                 ] o.s.c.g.r.RouteDefinitionRouteLocator    : RouteDefinition product-service applying {_genkey_0=/api/products/**} to Path
2026-01-07T00:22:42.805+05:30 DEBUG 23000 --- [gateway] [DiscoveryClient-CacheRefreshExecutor-%d] [                                                 ] o.s.c.g.r.RouteDefinitionRouteLocator    : RouteDefinition matched: product-service
2026-01-07T00:22:42.805+05:30 DEBUG 23000 --- [gateway] [DiscoveryClient-CacheRefreshExecutor-%d] [                                                 ] o.s.c.g.r.RouteDefinitionRouteLocator    : RouteDefinition user-service applying {_genkey_0=/api/users/**} to Path
2026-01-07T00:22:42.806+05:30 DEBUG 23000 --- [gateway] [DiscoveryClient-CacheRefreshExecutor-%d] [                                                 ] o.s.c.g.r.RouteDefinitionRouteLocator    : RouteDefinition matched: user-service
2026-01-07T00:22:42.806+05:30 DEBUG 23000 --- [gateway] [DiscoveryClient-CacheRefreshExecutor-%d] [                                                 ] o.s.c.g.r.RouteDefinitionRouteLocator    : RouteDefinition order-service applying {_genkey_0=/api/orders/**} to Path
2026-01-07T00:22:42.806+05:30 DEBUG 23000 --- [gateway] [DiscoveryClient-CacheRefreshExecutor-%d] [                                                 ] o.s.c.g.r.RouteDefinitionRouteLocator    : RouteDefinition order-service applying {_genkey_0=/api/cart/**} to Path
2026-01-07T00:22:42.806+05:30 DEBUG 23000 --- [gateway] [DiscoveryClient-CacheRefreshExecutor-%d] [                                                 ] o.s.c.g.r.RouteDefinitionRouteLocator    : RouteDefinition matched: order-service
2026-01-07T00:22:42.806+05:30 DEBUG 23000 --- [gateway] [DiscoveryClient-CacheRefreshExecutor-%d] [                                                 ] o.s.c.g.filter.GatewayMetricsFilter      : New routes count: 3
2026-01-07T00:23:12.837+05:30 DEBUG 23000 --- [gateway] [DiscoveryClient-CacheRefreshExecutor-%d] [                                                 ] o.s.c.g.r.RouteDefinitionRouteLocator    : RouteDefinition product-service applying {_genkey_0=/api/products/**} to Path
2026-01-07T00:23:12.840+05:30 DEBUG 23000 --- [gateway] [DiscoveryClient-CacheRefreshExecutor-%d] [                                                 ] o.s.c.g.r.RouteDefinitionRouteLocator    : RouteDefinition matched: product-service
2026-01-07T00:23:12.840+05:30 DEBUG 23000 --- [gateway] [DiscoveryClient-CacheRefreshExecutor-%d] [                                                 ] o.s.c.g.r.RouteDefinitionRouteLocator    : RouteDefinition user-service applying {_genkey_0=/api/users/**} to Path
2026-01-07T00:23:12.840+05:30 DEBUG 23000 --- [gateway] [DiscoveryClient-CacheRefreshExecutor-%d] [                                                 ] o.s.c.g.r.RouteDefinitionRouteLocator    : RouteDefinition matched: user-service
2026-01-07T00:23:12.840+05:30 DEBUG 23000 --- [gateway] [DiscoveryClient-CacheRefreshExecutor-%d] [                                                 ] o.s.c.g.r.RouteDefinitionRouteLocator    : RouteDefinition order-service applying {_genkey_0=/api/orders/**} to Path
2026-01-07T00:23:12.841+05:30 DEBUG 23000 --- [gateway] [DiscoveryClient-CacheRefreshExecutor-%d] [                                                 ] o.s.c.g.r.RouteDefinitionRouteLocator    : RouteDefinition order-service applying {_genkey_0=/api/cart/**} to Path
2026-01-07T00:23:12.841+05:30 DEBUG 23000 --- [gateway] [DiscoveryClient-CacheRefreshExecutor-%d] [                                                 ] o.s.c.g.r.RouteDefinitionRouteLocator    : RouteDefinition matched: order-service
2026-01-07T00:23:12.841+05:30 DEBUG 23000 --- [gateway] [DiscoveryClient-CacheRefreshExecutor-%d] [                                                 ] o.s.c.g.filter.GatewayMetricsFilter      : New routes count: 3
2026-01-07T00:23:42.869+05:30 DEBUG 23000 --- [gateway] [DiscoveryClient-CacheRefreshExecutor-%d] [                                                 ] o.s.c.g.r.RouteDefinitionRouteLocator    : RouteDefinition product-service applying {_genkey_0=/api/products/**} to Path
2026-01-07T00:23:42.870+05:30 DEBUG 23000 --- [gateway] [DiscoveryClient-CacheRefreshExecutor-%d] [                                                 ] o.s.c.g.r.RouteDefinitionRouteLocator    : RouteDefinition matched: product-service
2026-01-07T00:23:42.870+05:30 DEBUG 23000 --- [gateway] [DiscoveryClient-CacheRefreshExecutor-%d] [                                                 ] o.s.c.g.r.RouteDefinitionRouteLocator    : RouteDefinition user-service applying {_genkey_0=/api/users/**} to Path
2026-01-07T00:23:42.870+05:30 DEBUG 23000 --- [gateway] [DiscoveryClient-CacheRefreshExecutor-%d] [                                                 ] o.s.c.g.r.RouteDefinitionRouteLocator    : RouteDefinition matched: user-service
2026-01-07T00:23:42.870+05:30 DEBUG 23000 --- [gateway] [DiscoveryClient-CacheRefreshExecutor-%d] [                                                 ] o.s.c.g.r.RouteDefinitionRouteLocator    : RouteDefinition order-service applying {_genkey_0=/api/orders/**} to Path
2026-01-07T00:23:42.871+05:30 DEBUG 23000 --- [gateway] [DiscoveryClient-CacheRefreshExecutor-%d] [                                                 ] o.s.c.g.r.RouteDefinitionRouteLocator    : RouteDefinition order-service applying {_genkey_0=/api/cart/**} to Path
2026-01-07T00:23:42.871+05:30 DEBUG 23000 --- [gateway] [DiscoveryClient-CacheRefreshExecutor-%d] [                                                 ] o.s.c.g.r.RouteDefinitionRouteLocator    : RouteDefinition matched: order-service
2026-01-07T00:23:42.871+05:30 DEBUG 23000 --- [gateway] [DiscoveryClient-CacheRefreshExecutor-%d] [                                                 ] o.s.c.g.filter.GatewayMetricsFilter      : New routes count: 3
2026-01-07T00:24:01.018+05:30  INFO 23000 --- [gateway] [SpringApplicationShutdownHook] [                                                 ] o.s.c.n.e.s.EurekaServiceRegistry        : Unregistering application GATEWAY with eureka with status DOWN
2026-01-07T00:24:01.018+05:30  INFO 23000 --- [gateway] [SpringApplicationShutdownHook] [                                                 ] com.netflix.discovery.DiscoveryClient    : Saw local status change event StatusChangeEvent [timestamp=1767725641018, current=DOWN, previous=UP]
2026-01-07T00:24:01.019+05:30  INFO 23000 --- [gateway] [DiscoveryClient-InstanceInfoReplicator-%d] [                                                 ] com.netflix.discovery.DiscoveryClient    : DiscoveryClient_GATEWAY/LAPTOP-9O25GGVL:gateway:8085: registering service...
2026-01-07T00:24:01.041+05:30  INFO 23000 --- [gateway] [SpringApplicationShutdownHook] [                                                 ] o.s.b.w.embedded.netty.GracefulShutdown  : Commencing graceful shutdown. Waiting for active requests to complete
2026-01-07T00:24:01.050+05:30  INFO 23000 --- [gateway] [DiscoveryClient-InstanceInfoReplicator-%d] [                                                 ] com.netflix.discovery.DiscoveryClient    : DiscoveryClient_GATEWAY/LAPTOP-9O25GGVL:gateway:8085 - registration status: 204
2026-01-07T00:24:01.053+05:30  INFO 23000 --- [gateway] [netty-shutdown] [                                                 ] o.s.b.w.embedded.netty.GracefulShutdown  : Graceful shutdown complete
2026-01-07T00:24:03.293+05:30  INFO 23000 --- [gateway] [SpringApplicationShutdownHook] [                                                 ] com.netflix.discovery.DiscoveryClient    : Shutting down DiscoveryClient ...
2026-01-07T00:24:06.300+05:30  INFO 23000 --- [gateway] [SpringApplicationShutdownHook] [                                                 ] com.netflix.discovery.DiscoveryClient    : Unregistering ...
2026-01-07T00:24:06.316+05:30  INFO 23000 --- [gateway] [SpringApplicationShutdownHook] [                                                 ] com.netflix.discovery.DiscoveryClient    : DiscoveryClient_GATEWAY/LAPTOP-9O25GGVL:gateway:8085 - deregister  status: 200
2026-01-07T00:24:06.316+05:30  INFO 23000 --- [gateway] [SpringApplicationShutdownHook] [                                                 ] com.netflix.discovery.DiscoveryClient    : Completed shut down of DiscoveryClient
